Using pre-set license
Built from '2021.3/staging' branch; Version is '2021.3.9f1 (ad3870b89536) revision 11352176'; Using compiler version '192829333'; Build Type 'Release'
OS: 'Windows 11  (10.0.22000) 64bit CoreSingleLanguage' Language: 'tr' Physical Memory: 16125 MB
BatchMode: 1, IsHumanControllingUs: 0, StartBugReporterOnCrash: 0, Is64bit: 1, IsPro: 1

COMMAND LINE ARGUMENTS:
C:\Program Files\Unity\Hub\Editor\2021.3.9f1\Editor\Unity.exe
-adb2
-batchMode
-noUpm
-name
AssetImportWorker4
-projectPath
C:/Users/MONSTER/Desktop/Unity/18proje
-logFile
Logs/AssetImportWorker4.log
-srvPort
55291
Successfully changed project path to: C:/Users/MONSTER/Desktop/Unity/18proje
C:/Users/MONSTER/Desktop/Unity/18proje
[UnityMemory] Configuration Parameters - Can be set up in boot.config
    "memorysetup-bucket-allocator-granularity=16"
    "memorysetup-bucket-allocator-bucket-count=8"
    "memorysetup-bucket-allocator-block-size=33554432"
    "memorysetup-bucket-allocator-block-count=8"
    "memorysetup-main-allocator-block-size=16777216"
    "memorysetup-thread-allocator-block-size=16777216"
    "memorysetup-gfx-main-allocator-block-size=16777216"
    "memorysetup-gfx-thread-allocator-block-size=16777216"
    "memorysetup-cache-allocator-block-size=4194304"
    "memorysetup-typetree-allocator-block-size=2097152"
    "memorysetup-profiler-bucket-allocator-granularity=16"
    "memorysetup-profiler-bucket-allocator-bucket-count=8"
    "memorysetup-profiler-bucket-allocator-block-size=33554432"
    "memorysetup-profiler-bucket-allocator-block-count=8"
    "memorysetup-profiler-allocator-block-size=16777216"
    "memorysetup-profiler-editor-allocator-block-size=1048576"
    "memorysetup-temp-allocator-size-main=16777216"
    "memorysetup-job-temp-allocator-block-size=2097152"
    "memorysetup-job-temp-allocator-block-size-background=1048576"
    "memorysetup-job-temp-allocator-reduction-small-platforms=262144"
    "memorysetup-temp-allocator-size-background-worker=32768"
    "memorysetup-temp-allocator-size-job-worker=262144"
    "memorysetup-temp-allocator-size-preload-manager=33554432"
    "memorysetup-temp-allocator-size-nav-mesh-worker=65536"
    "memorysetup-temp-allocator-size-audio-worker=65536"
    "memorysetup-temp-allocator-size-cloud-worker=32768"
    "memorysetup-temp-allocator-size-gi-baking-worker=262144"
    "memorysetup-temp-allocator-size-gfx=262144"
Refreshing native plugins compatible for Editor in 83.04 ms, found 3 plugins.
Preloading 0 native plugins for Editor in 0.00 ms.
Initialize engine version: 2021.3.9f1 (ad3870b89536)
[Subsystems] Discovering subsystems at path C:/Program Files/Unity/Hub/Editor/2021.3.9f1/Editor/Data/Resources/UnitySubsystems
[Subsystems] Discovering subsystems at path C:/Users/MONSTER/Desktop/Unity/18proje/Assets
GfxDevice: creating device client; threaded=0; jobified=0
Direct3D:
    Version:  Direct3D 11.0 [level 11.1]
    Renderer: NVIDIA GeForce RTX 3060 Laptop GPU (ID=0x2520)
    Vendor:   NVIDIA
    VRAM:     6023 MB
    Driver:   30.0.15.1289
Initialize mono
Mono path[0] = 'C:/Program Files/Unity/Hub/Editor/2021.3.9f1/Editor/Data/Managed'
Mono path[1] = 'C:/Program Files/Unity/Hub/Editor/2021.3.9f1/Editor/Data/MonoBleedingEdge/lib/mono/unityjit-win32'
Mono config path = 'C:/Program Files/Unity/Hub/Editor/2021.3.9f1/Editor/Data/MonoBleedingEdge/etc'
Using monoOptions --debugger-agent=transport=dt_socket,embedding=1,server=y,suspend=n,address=127.0.0.1:56916
Begin MonoManager ReloadAssembly
Registering precompiled unity dll's ...
Register platform support module: C:/Program Files/Unity/Hub/Editor/2021.3.9f1/Editor/Data/PlaybackEngines/WebGLSupport/UnityEditor.WebGL.Extensions.dll
Register platform support module: C:/Program Files/Unity/Hub/Editor/2021.3.9f1/Editor/Data/PlaybackEngines/WindowsStandaloneSupport/UnityEditor.WindowsStandalone.Extensions.dll
Registered in 0.003664 seconds.
Native extension for WindowsStandalone target not found
Native extension for WebGL target not found
Refreshing native plugins compatible for Editor in 76.11 ms, found 3 plugins.
Preloading 0 native plugins for Editor in 0.00 ms.
Mono: successfully reloaded assembly
- Completed reload, in  0.613 seconds
Domain Reload Profiling:
	ReloadAssembly (614ms)
		BeginReloadAssembly (66ms)
			ExecutionOrderSort (0ms)
			DisableScriptedObjects (0ms)
			BackupInstance (0ms)
			ReleaseScriptingObjects (0ms)
			CreateAndSetChildDomain (1ms)
		EndReloadAssembly (440ms)
			LoadAssemblies (64ms)
			RebuildTransferFunctionScriptingTraits (0ms)
			SetupTypeCache (92ms)
			ReleaseScriptCaches (0ms)
			RebuildScriptCaches (28ms)
			SetupLoadedEditorAssemblies (276ms)
				LogAssemblyErrors (0ms)
				InitializePlatformSupportModulesInManaged (7ms)
				SetLoadedEditorAssemblies (0ms)
				RefreshPlugins (76ms)
				BeforeProcessingInitializeOnLoad (1ms)
				ProcessInitializeOnLoadAttributes (137ms)
				ProcessInitializeOnLoadMethodAttributes (55ms)
				AfterProcessingInitializeOnLoad (0ms)
				EditorAssembliesLoaded (0ms)
			ExecutionOrderSort2 (0ms)
			AwakeInstancesAfterBackupRestoration (0ms)
Platform modules already initialized, skipping
Registering precompiled user dll's ...
Registered in 0.005255 seconds.
Begin MonoManager ReloadAssembly
Symbol file LoadedFromMemory doesn't match image C:\Users\MONSTER\Desktop\Unity\18proje\Library\PackageCache\com.unity.visualscripting@1.7.8\Editor\VisualScripting.Core\Dependencies\YamlDotNet\Unity.VisualScripting.YamlDotNet.dll
Symbol file LoadedFromMemory doesn't match image C:\Users\MONSTER\Desktop\Unity\18proje\Library\PackageCache\com.unity.visualscripting@1.7.8\Editor\VisualScripting.Core\Dependencies\DotNetZip\Unity.VisualScripting.IonicZip.dll
Native extension for WindowsStandalone target not found
Native extension for WebGL target not found
Refreshing native plugins compatible for Editor in 0.67 ms, found 3 plugins.
Preloading 0 native plugins for Editor in 0.00 ms.
Mono: successfully reloaded assembly
- Completed reload, in  0.987 seconds
Domain Reload Profiling:
	ReloadAssembly (988ms)
		BeginReloadAssembly (127ms)
			ExecutionOrderSort (0ms)
			DisableScriptedObjects (5ms)
			BackupInstance (0ms)
			ReleaseScriptingObjects (0ms)
			CreateAndSetChildDomain (26ms)
		EndReloadAssembly (745ms)
			LoadAssemblies (81ms)
			RebuildTransferFunctionScriptingTraits (0ms)
			SetupTypeCache (279ms)
			ReleaseScriptCaches (1ms)
			RebuildScriptCaches (45ms)
			SetupLoadedEditorAssemblies (312ms)
				LogAssemblyErrors (0ms)
				InitializePlatformSupportModulesInManaged (6ms)
				SetLoadedEditorAssemblies (0ms)
				RefreshPlugins (1ms)
				BeforeProcessingInitializeOnLoad (71ms)
				ProcessInitializeOnLoadAttributes (204ms)
				ProcessInitializeOnLoadMethodAttributes (27ms)
				AfterProcessingInitializeOnLoad (4ms)
				EditorAssembliesLoaded (0ms)
			ExecutionOrderSort2 (0ms)
			AwakeInstancesAfterBackupRestoration (5ms)
Platform modules already initialized, skipping
========================================================================
Worker process is ready to serve import requests
Launched and connected shader compiler UnityShaderCompiler.exe after 0.03 seconds
Refreshing native plugins compatible for Editor in 0.77 ms, found 3 plugins.
Preloading 0 native plugins for Editor in 0.00 ms.
Unloading 3474 Unused Serialized files (Serialized files now loaded: 0)
Unloading 28 unused Assets / (112.3 KB). Loaded Objects now: 3934.
Memory consumption went from 198.9 MB to 198.8 MB.
Total: 3.256700 ms (FindLiveObjects: 0.298000 ms CreateObjectMapping: 0.114000 ms MarkObjects: 2.646400 ms  DeleteObjects: 0.197100 ms)

AssetImportParameters requested are different than current active one (requested -> active):
  custom:video-decoder-ogg-theora: a1e56fd34408186e4bbccfd4996cb3dc -> 
  custom:container-muxer-webm: aa71ff27fc2769a1b78a27578f13a17b -> 
  custom:container-demuxer-webm: 4f35f7cbe854078d1ac9338744f61a02 -> 
  custom:video-encoder-webm-vp8: eb34c28f22e8b96e1ab97ce403110664 -> 
  custom:video-codec-MediaFoundation-h265: 746d11721c4dcdbdad8f713fa42b33f4 -> 
  custom:audio-encoder-webm-vorbis: bf7c407c2cedff20999df2af8eb42d56 -> 
  custom:framework-win-MediaFoundation: 216162199b28c13a410421893ffa2e32 -> 
  custom:container-demuxer-ogg: 62fdf1f143b41e24485cea50d1cbac27 -> 
  custom:video-decoder-webm-vp8: 9c59270c3fd7afecdb556c50c9e8de78 -> 
  custom:audio-decoder-ogg-vorbis: bf7c407c2cedff20999df2af8eb42d56 -> 
========================================================================
Received Import Request.
  Time since last request: 25043.883226 seconds.
  path: Assets/serkan/EffectExamples/Goop Effects/Materials/GoopStreamParticle.mat
  artifactKey: Guid(fb0a006be807eac48a87ffa79b3330a5) Importer(2089858483,0ecaa5967403d082aa24f35e1b516d23)
Start importing Assets/serkan/EffectExamples/Goop Effects/Materials/GoopStreamParticle.mat using Guid(fb0a006be807eac48a87ffa79b3330a5) Importer(2089858483,0ecaa5967403d082aa24f35e1b516d23) Generated GUIDs only implemented for interfaces!
 -> (artifact id: 'fb1eebe56922a18e67ad5997d081a716') in 0.160869 seconds 
========================================================================
Received Import Request.
  Time since last request: 0.000028 seconds.
  path: Assets/serkan/EffectExamples/Magic Effects/Models/IceLance.FBX
  artifactKey: Guid(735d1d1e5a1d1934589aa44da6a7ea75) Importer(2089858483,0ecaa5967403d082aa24f35e1b516d23)
Start importing Assets/serkan/EffectExamples/Magic Effects/Models/IceLance.FBX using Guid(735d1d1e5a1d1934589aa44da6a7ea75) Importer(2089858483,0ecaa5967403d082aa24f35e1b516d23) Generated GUIDs only implemented for interfaces!
 -> (artifact id: '886318d9a648ffd3e32657cdfbd1f70a') in 0.042182 seconds 
========================================================================
Received Import Request.
  Time since last request: 0.000033 seconds.
  path: Assets/serkan/EffectExamples/Magic Effects/Models/IceShard.FBX
  artifactKey: Guid(a7ca52bcb825d7044a8afdfd569507c9) Importer(2089858483,0ecaa5967403d082aa24f35e1b516d23)
Start importing Assets/serkan/EffectExamples/Magic Effects/Models/IceShard.FBX using Guid(a7ca52bcb825d7044a8afdfd569507c9) Importer(2089858483,0ecaa5967403d082aa24f35e1b516d23) Generated GUIDs only implemented for interfaces!
 -> (artifact id: 'cb6b847a15f6ad0c14cb1cc4531c9e33') in 0.024487 seconds 
========================================================================
Received Import Request.
  Time since last request: 0.000030 seconds.
  path: Assets/serkan/EffectExamples/Magic Effects/Materials/IceTrail.mat
  artifactKey: Guid(d4c406b5d941319458ddccf4b6f76be3) Importer(2089858483,0ecaa5967403d082aa24f35e1b516d23)
Start importing Assets/serkan/EffectExamples/Magic Effects/Materials/IceTrail.mat using Guid(d4c406b5d941319458ddccf4b6f76be3) Importer(2089858483,0ecaa5967403d082aa24f35e1b516d23) Generated GUIDs only implemented for interfaces!
 -> (artifact id: '6f7f60db4579f0024e4a740b60a299d6') in 0.024662 seconds 
========================================================================
Received Import Request.
  Time since last request: 0.000024 seconds.
  path: Assets/serkan/EffectExamples/Magic Effects/Textures/Ramp01.png
  artifactKey: Guid(71187563f01d2654d96d736a7c082f68) Importer(2089858483,0ecaa5967403d082aa24f35e1b516d23)
Start importing Assets/serkan/EffectExamples/Magic Effects/Textures/Ramp01.png using Guid(71187563f01d2654d96d736a7c082f68) Importer(2089858483,0ecaa5967403d082aa24f35e1b516d23) Generated GUIDs only implemented for interfaces!
 -> (artifact id: 'f883b137da1678d834a899054d89d8a6') in 0.042057 seconds 
========================================================================
Received Import Request.
  Time since last request: 0.000049 seconds.
  path: Assets/serkan/EffectExamples/Magic Effects/Textures/EarthCrackAlbedo.tif
  artifactKey: Guid(8127d72dd65a1454082d10767b2fcad4) Importer(2089858483,0ecaa5967403d082aa24f35e1b516d23)
Start importing Assets/serkan/EffectExamples/Magic Effects/Textures/EarthCrackAlbedo.tif using Guid(8127d72dd65a1454082d10767b2fcad4) Importer(2089858483,0ecaa5967403d082aa24f35e1b516d23) Generated GUIDs only implemented for interfaces!
 -> (artifact id: '45804839e923bc0610998494c551199d') in 0.027594 seconds 
========================================================================
Received Import Request.
  Time since last request: 0.000027 seconds.
  path: Assets/serkan/EffectExamples/Magic Effects/Materials/IceMist.mat
  artifactKey: Guid(c32a9cac58b398741add6365fbc2e883) Importer(2089858483,0ecaa5967403d082aa24f35e1b516d23)
Start importing Assets/serkan/EffectExamples/Magic Effects/Materials/IceMist.mat using Guid(c32a9cac58b398741add6365fbc2e883) Importer(2089858483,0ecaa5967403d082aa24f35e1b516d23) Generated GUIDs only implemented for interfaces!
 -> (artifact id: 'a610e774886d0efd3eaa47b16509007f') in 0.020204 seconds 
========================================================================
Received Import Request.
  Time since last request: 0.000021 seconds.
  path: Assets/serkan/EffectExamples/Magic Effects/Textures/Fireball.tif
  artifactKey: Guid(c4fffbf9a10f3d64f978d4912150f3f1) Importer(2089858483,0ecaa5967403d082aa24f35e1b516d23)
Start importing Assets/serkan/EffectExamples/Magic Effects/Textures/Fireball.tif using Guid(c4fffbf9a10f3d64f978d4912150f3f1) Importer(2089858483,0ecaa5967403d082aa24f35e1b516d23) Generated GUIDs only implemented for interfaces!
 -> (artifact id: 'a3d1dc58af6090d7b859e130b8be2403') in 0.031908 seconds 
========================================================================
Received Import Request.
  Time since last request: 0.000020 seconds.
  path: Assets/serkan/EffectExamples/FireExplosionEffects/Prefabs/BigExplosion.prefab
  artifactKey: Guid(e1b08032bec16ba4eb1ae23cbd572664) Importer(2089858483,0ecaa5967403d082aa24f35e1b516d23)
Start importing Assets/serkan/EffectExamples/FireExplosionEffects/Prefabs/BigExplosion.prefab using Guid(e1b08032bec16ba4eb1ae23cbd572664) Importer(2089858483,0ecaa5967403d082aa24f35e1b516d23) Generated GUIDs only implemented for interfaces!
 -> (artifact id: 'd3c8bc2eac744ded2de84c61f5682f8d') in 0.103499 seconds 
========================================================================
Received Import Request.
  Time since last request: 0.000026 seconds.
  path: Assets/serkan/EffectExamples/FireExplosionEffects/Materials/MediumFlame02.mat
  artifactKey: Guid(aa233f4c021449540865a6be1af7b157) Importer(2089858483,0ecaa5967403d082aa24f35e1b516d23)
Start importing Assets/serkan/EffectExamples/FireExplosionEffects/Materials/MediumFlame02.mat using Guid(aa233f4c021449540865a6be1af7b157) Importer(2089858483,0ecaa5967403d082aa24f35e1b516d23) Generated GUIDs only implemented for interfaces!
 -> (artifact id: '959d96015f660694b269584e3988ca3a') in 0.073400 seconds 
========================================================================
Received Import Request.
  Time since last request: 0.000036 seconds.
  path: Assets/serkan/balta/balta/baltaAnim.anim
  artifactKey: Guid(c561fdb0449605445a2fc3b6d121dae5) Importer(2089858483,0ecaa5967403d082aa24f35e1b516d23)
Start importing Assets/serkan/balta/balta/baltaAnim.anim using Guid(c561fdb0449605445a2fc3b6d121dae5) Importer(2089858483,0ecaa5967403d082aa24f35e1b516d23) Generated GUIDs only implemented for interfaces!
 -> (artifact id: '9186808835a5347bf16a5d92e8b46aa7') in 0.011537 seconds 
========================================================================
Received Import Request.
  Time since last request: 0.000022 seconds.
  path: Assets/serkan/EffectExamples/FireExplosionEffects/Materials/FlameParticle.mat
  artifactKey: Guid(bd8c234372a08af408b82538314378fe) Importer(2089858483,0ecaa5967403d082aa24f35e1b516d23)
Start importing Assets/serkan/EffectExamples/FireExplosionEffects/Materials/FlameParticle.mat using Guid(bd8c234372a08af408b82538314378fe) Importer(2089858483,0ecaa5967403d082aa24f35e1b516d23) Generated GUIDs only implemented for interfaces!
 -> (artifact id: 'e629acf7a43a7fe9bb867df943b23580') in 0.016573 seconds 
========================================================================
Received Import Request.
  Time since last request: 0.000024 seconds.
  path: Assets/konferans/WoodSiding001_1K_Metalness.jpg
  artifactKey: Guid(d383b2d480d438d42b7ade0810d8c35f) Importer(2089858483,0ecaa5967403d082aa24f35e1b516d23)
Start importing Assets/konferans/WoodSiding001_1K_Metalness.jpg using Guid(d383b2d480d438d42b7ade0810d8c35f) Importer(2089858483,0ecaa5967403d082aa24f35e1b516d23) Generated GUIDs only implemented for interfaces!
 -> (artifact id: '8dcc9af6a25c7524aee0517ed0cab2ff') in 0.026023 seconds 
========================================================================
Received Import Request.
  Time since last request: 0.000029 seconds.
  path: Assets/serkan/EffectExamples/Magic Effects/Textures/Ramp03.png
  artifactKey: Guid(02893ea4ea3a2be419d65586df89bcf3) Importer(2089858483,0ecaa5967403d082aa24f35e1b516d23)
Start importing Assets/serkan/EffectExamples/Magic Effects/Textures/Ramp03.png using Guid(02893ea4ea3a2be419d65586df89bcf3) Importer(2089858483,0ecaa5967403d082aa24f35e1b516d23) Generated GUIDs only implemented for interfaces!
 -> (artifact id: '3c739fa03200fda3caa9641ff65f08c5') in 0.017399 seconds 
========================================================================
Received Import Request.
  Time since last request: 0.000026 seconds.
  path: Assets/serkan/EffectExamples/Misc Effects/Materials/FireFlyTrail.mat
  artifactKey: Guid(1d11412570f90ba4caf1b0b6dea27152) Importer(2089858483,0ecaa5967403d082aa24f35e1b516d23)
Start importing Assets/serkan/EffectExamples/Misc Effects/Materials/FireFlyTrail.mat using Guid(1d11412570f90ba4caf1b0b6dea27152) Importer(2089858483,0ecaa5967403d082aa24f35e1b516d23) Generated GUIDs only implemented for interfaces!
 -> (artifact id: '436ea54bbb25b8420ff492db803f0394') in 0.014325 seconds 
========================================================================
Received Import Request.
  Time since last request: 0.000023 seconds.
  path: Assets/serkan/EffectExamples/Misc Effects/Prefabs/SparksEffect.prefab
  artifactKey: Guid(78b71003e8b357d4bbf89c8b5e5e4f0e) Importer(2089858483,0ecaa5967403d082aa24f35e1b516d23)
Start importing Assets/serkan/EffectExamples/Misc Effects/Prefabs/SparksEffect.prefab using Guid(78b71003e8b357d4bbf89c8b5e5e4f0e) Importer(2089858483,0ecaa5967403d082aa24f35e1b516d23) Generated GUIDs only implemented for interfaces!
 -> (artifact id: '79ff4b84fb42df1d583dea7dd6dc96ed') in 0.062063 seconds 
========================================================================
Received Import Request.
  Time since last request: 0.000021 seconds.
  path: Assets/serkan/EffectExamples/Misc Effects/Scripts/SpawnEffect.cs
  artifactKey: Guid(585901dad4c09564db67dc1e08787f0e) Importer(2089858483,0ecaa5967403d082aa24f35e1b516d23)
Start importing Assets/serkan/EffectExamples/Misc Effects/Scripts/SpawnEffect.cs using Guid(585901dad4c09564db67dc1e08787f0e) Importer(2089858483,0ecaa5967403d082aa24f35e1b516d23) Generated GUIDs only implemented for interfaces!
 -> (artifact id: 'c8105a9890188d189fb527d66d2b7fc3') in 0.010876 seconds 
========================================================================
Received Import Request.
  Time since last request: 0.000021 seconds.
  path: Assets/serkan/EffectExamples/Misc Effects/Animations/@EllenIdle.fbx
  artifactKey: Guid(73e3d6d0fdcfc1d4483701317ca34665) Importer(2089858483,0ecaa5967403d082aa24f35e1b516d23)
Start importing Assets/serkan/EffectExamples/Misc Effects/Animations/@EllenIdle.fbx using Guid(73e3d6d0fdcfc1d4483701317ca34665) Importer(2089858483,0ecaa5967403d082aa24f35e1b516d23) Generated GUIDs only implemented for interfaces!
 -> (artifact id: 'bd0e16cfce5892456cf1730c2166f9d1') in 0.049315 seconds 
========================================================================
Received Import Request.
  Time since last request: 0.000028 seconds.
  path: Assets/serkan/EffectExamples/Misc Effects/Models/Ellen.fbx
  artifactKey: Guid(b1d76b05add46f44292ade654065b4c7) Importer(2089858483,0ecaa5967403d082aa24f35e1b516d23)
Start importing Assets/serkan/EffectExamples/Misc Effects/Models/Ellen.fbx using Guid(b1d76b05add46f44292ade654065b4c7) Importer(2089858483,0ecaa5967403d082aa24f35e1b516d23) Generated GUIDs only implemented for interfaces!
 -> (artifact id: '58d663afbe9b1993ee21bcfcfbefe3e5') in 0.047569 seconds 
========================================================================
Received Import Request.
  Time since last request: 0.000051 seconds.
  path: Assets/TextMesh Pro/Shaders/TMP_SDF-Surface.shader
  artifactKey: Guid(f7ada0af4f174f0694ca6a487b8f543d) Importer(2089858483,0ecaa5967403d082aa24f35e1b516d23)
Start importing Assets/TextMesh Pro/Shaders/TMP_SDF-Surface.shader using Guid(f7ada0af4f174f0694ca6a487b8f543d) Importer(2089858483,0ecaa5967403d082aa24f35e1b516d23) Generated GUIDs only implemented for interfaces!
 -> (artifact id: '7c78dcce1fd37408e9305e81719dd70c') in 0.019714 seconds 
========================================================================
Received Import Request.
  Time since last request: 0.000037 seconds.
  path: Assets/serkan/EffectExamples/Misc Effects/Textures/DissolveChunks.tif
  artifactKey: Guid(fde6fc28f8943fd4aa8bf43327cd0fc0) Importer(2089858483,0ecaa5967403d082aa24f35e1b516d23)
Start importing Assets/serkan/EffectExamples/Misc Effects/Textures/DissolveChunks.tif using Guid(fde6fc28f8943fd4aa8bf43327cd0fc0) Importer(2089858483,0ecaa5967403d082aa24f35e1b516d23) Generated GUIDs only implemented for interfaces!
 -> (artifact id: '643b6bd06a20be496b8d8d0464941809') in 0.022215 seconds 
========================================================================
Received Import Request.
  Time since last request: 0.000027 seconds.
  path: Assets/serkan/balta/balta/kol_modell23 (1).controller
  artifactKey: Guid(7376b1d47771e9f468e975a88a3a38cd) Importer(2089858483,0ecaa5967403d082aa24f35e1b516d23)
Start importing Assets/serkan/balta/balta/kol_modell23 (1).controller using Guid(7376b1d47771e9f468e975a88a3a38cd) Importer(2089858483,0ecaa5967403d082aa24f35e1b516d23) Generated GUIDs only implemented for interfaces!
 -> (artifact id: 'cb1a7e2a47c96069ed26bd4595a148f8') in 0.011768 seconds 
========================================================================
Received Import Request.
  Time since last request: 0.000041 seconds.
  path: Assets/TextMesh Pro/Shaders/TMP_SDF.shader
  artifactKey: Guid(68e6db2ebdc24f95958faec2be5558d6) Importer(2089858483,0ecaa5967403d082aa24f35e1b516d23)
Start importing Assets/TextMesh Pro/Shaders/TMP_SDF.shader using Guid(68e6db2ebdc24f95958faec2be5558d6) Importer(2089858483,0ecaa5967403d082aa24f35e1b516d23) Generated GUIDs only implemented for interfaces!
 -> (artifact id: '8e6b53a3c1c0d64380ac45ffc489fdf0') in 0.012936 seconds 
========================================================================
Received Import Request.
  Time since last request: 0.000026 seconds.
  path: Assets/serkan/EffectExamples/FireExplosionEffects/Prefabs/LargeFlames.prefab
  artifactKey: Guid(bb98861c48ad2024ca93498c7dd93a6c) Importer(2089858483,0ecaa5967403d082aa24f35e1b516d23)
Start importing Assets/serkan/EffectExamples/FireExplosionEffects/Prefabs/LargeFlames.prefab using Guid(bb98861c48ad2024ca93498c7dd93a6c) Importer(2089858483,0ecaa5967403d082aa24f35e1b516d23) Generated GUIDs only implemented for interfaces!
 -> (artifact id: '91341be30c40772c09fa2a97cb5b1bfb') in 0.071315 seconds 
========================================================================
Received Import Request.
  Time since last request: 0.000030 seconds.
  path: Assets/serkan/EffectExamples/Misc Effects/Shaders/Respawn.shader
  artifactKey: Guid(77711a0a1ef662843a281ba4ecd2c54c) Importer(2089858483,0ecaa5967403d082aa24f35e1b516d23)
Start importing Assets/serkan/EffectExamples/Misc Effects/Shaders/Respawn.shader using Guid(77711a0a1ef662843a281ba4ecd2c54c) Importer(2089858483,0ecaa5967403d082aa24f35e1b516d23) Generated GUIDs only implemented for interfaces!
 -> (artifact id: 'b248ede7ffc5547b2a47ddc1e9526c3c') in 0.014663 seconds 
========================================================================
Received Import Request.
  Time since last request: 0.000027 seconds.
  path: Assets/serkan/EffectExamples/Misc Effects/Prefabs/ElectricalSparksEffect.prefab
  artifactKey: Guid(96b2ec0239d11fa4b9792311efceb8ed) Importer(2089858483,0ecaa5967403d082aa24f35e1b516d23)
Start importing Assets/serkan/EffectExamples/Misc Effects/Prefabs/ElectricalSparksEffect.prefab using Guid(96b2ec0239d11fa4b9792311efceb8ed) Importer(2089858483,0ecaa5967403d082aa24f35e1b516d23) Generated GUIDs only implemented for interfaces!
 -> (artifact id: 'aee02044beef49f19b7a0010affc0f2b') in 0.064499 seconds 
========================================================================
Received Import Request.
  Time since last request: 0.000025 seconds.
  path: Assets/serkan/EffectExamples/Magic Effects/Textures/RockNormal.tga
  artifactKey: Guid(ceb93779c4493e346946ea2579d51f74) Importer(2089858483,0ecaa5967403d082aa24f35e1b516d23)
Start importing Assets/serkan/EffectExamples/Magic Effects/Textures/RockNormal.tga using Guid(ceb93779c4493e346946ea2579d51f74) Importer(2089858483,0ecaa5967403d082aa24f35e1b516d23) Generated GUIDs only implemented for interfaces!
 -> (artifact id: '59ed1c160f4065c2a668c04371932e6b') in 0.016829 seconds 
========================================================================
Received Import Request.
  Time since last request: 0.000028 seconds.
  path: Assets/serkan/EffectExamples/Shared/Textures/CloudsAlpha.tif
  artifactKey: Guid(723753318dba7ab4eb68cfc0b10e71cd) Importer(2089858483,0ecaa5967403d082aa24f35e1b516d23)
Start importing Assets/serkan/EffectExamples/Shared/Textures/CloudsAlpha.tif using Guid(723753318dba7ab4eb68cfc0b10e71cd) Importer(2089858483,0ecaa5967403d082aa24f35e1b516d23) Generated GUIDs only implemented for interfaces!
 -> (artifact id: 'b31c519db4d468efd6185cd7558d0941') in 0.020741 seconds 
========================================================================
Received Import Request.
  Time since last request: 0.000028 seconds.
  path: Assets/serkan/EffectExamples/Shared/Prefabs/Metal.prefab
  artifactKey: Guid(560a71b792ff85a4ba8f839081f9a379) Importer(2089858483,0ecaa5967403d082aa24f35e1b516d23)
Start importing Assets/serkan/EffectExamples/Shared/Prefabs/Metal.prefab using Guid(560a71b792ff85a4ba8f839081f9a379) Importer(2089858483,0ecaa5967403d082aa24f35e1b516d23) Generated GUIDs only implemented for interfaces!
 -> (artifact id: 'c5f85db3240e9da7db452cf9bb1c55ab') in 0.019326 seconds 
========================================================================
Received Import Request.
  Time since last request: 0.000028 seconds.
  path: Assets/serkan/EffectExamples/Shared/Textures/wood_tiled_02_o.tif
  artifactKey: Guid(3f61242b237377e4590f4e6d1c869079) Importer(2089858483,0ecaa5967403d082aa24f35e1b516d23)
Start importing Assets/serkan/EffectExamples/Shared/Textures/wood_tiled_02_o.tif using Guid(3f61242b237377e4590f4e6d1c869079) Importer(2089858483,0ecaa5967403d082aa24f35e1b516d23) Generated GUIDs only implemented for interfaces!
 -> (artifact id: '7f70657d48a9fce6b19197f069c3e086') in 0.023175 seconds 
========================================================================
Received Import Request.
  Time since last request: 0.000020 seconds.
  path: Assets/serkan/EffectExamples/Shared/Scripts/GunAim.cs
  artifactKey: Guid(c63d71560c10e473ebc409185edd2c8c) Importer(2089858483,0ecaa5967403d082aa24f35e1b516d23)
Start importing Assets/serkan/EffectExamples/Shared/Scripts/GunAim.cs using Guid(c63d71560c10e473ebc409185edd2c8c) Importer(2089858483,0ecaa5967403d082aa24f35e1b516d23) Generated GUIDs only implemented for interfaces!
 -> (artifact id: '22960472ef96ce73ce2e906b2338f753') in 0.008295 seconds 
========================================================================
Received Import Request.
  Time since last request: 0.000023 seconds.
  path: Assets/serkan/EffectExamples/Shared/Materials/SandSurface.mat
  artifactKey: Guid(26bc8648a85c6b041a5d5b00ca61062b) Importer(2089858483,0ecaa5967403d082aa24f35e1b516d23)
Start importing Assets/serkan/EffectExamples/Shared/Materials/SandSurface.mat using Guid(26bc8648a85c6b041a5d5b00ca61062b) Importer(2089858483,0ecaa5967403d082aa24f35e1b516d23) Generated GUIDs only implemented for interfaces!
 -> (artifact id: '7e87d30000416990cb36622c04ef4f4c') in 0.047359 seconds 
========================================================================
Received Import Request.
  Time since last request: 0.000038 seconds.
  path: Assets/serkan/EffectExamples/Shared/Models/BackGround.FBX
  artifactKey: Guid(f4527c479041fc040b53171204c086a5) Importer(2089858483,0ecaa5967403d082aa24f35e1b516d23)
Start importing Assets/serkan/EffectExamples/Shared/Models/BackGround.FBX using Guid(f4527c479041fc040b53171204c086a5) Importer(2089858483,0ecaa5967403d082aa24f35e1b516d23) Generated GUIDs only implemented for interfaces!
 -> (artifact id: '51c9743942ae7fefe1469076db5d1d4b') in 0.018257 seconds 
========================================================================
Received Import Request.
  Time since last request: 0.000019 seconds.
  path: Assets/serkan/EffectExamples/Shared/Shaders/SurfaceShader_VC.shader
  artifactKey: Guid(5e0b7dc1782a986469ed1446388360f5) Importer(2089858483,0ecaa5967403d082aa24f35e1b516d23)
Start importing Assets/serkan/EffectExamples/Shared/Shaders/SurfaceShader_VC.shader using Guid(5e0b7dc1782a986469ed1446388360f5) Importer(2089858483,0ecaa5967403d082aa24f35e1b516d23) Generated GUIDs only implemented for interfaces!
 -> (artifact id: '336efe49dbc9c0d346e81241fa657742') in 0.011534 seconds 
========================================================================
Received Import Request.
  Time since last request: 0.000034 seconds.
  path: Assets/serkan/EffectExamples/Shared/PhysicsMaterials/Meat.physicMaterial
  artifactKey: Guid(8843da9524c3cec4eaebc0bf81cc4e1a) Importer(2089858483,0ecaa5967403d082aa24f35e1b516d23)
Start importing Assets/serkan/EffectExamples/Shared/PhysicsMaterials/Meat.physicMaterial using Guid(8843da9524c3cec4eaebc0bf81cc4e1a) Importer(2089858483,0ecaa5967403d082aa24f35e1b516d23) Generated GUIDs only implemented for interfaces!
 -> (artifact id: '8045eb9416ae38889b85ec21dbae8b8e') in 0.016209 seconds 
========================================================================
Received Import Request.
  Time since last request: 0.000023 seconds.
  path: Assets/serkan/EffectExamples/Shared/Scripts/ParticleMenu.cs
  artifactKey: Guid(3b87f472a8687453eac1a8091330b6d5) Importer(2089858483,0ecaa5967403d082aa24f35e1b516d23)
Start importing Assets/serkan/EffectExamples/Shared/Scripts/ParticleMenu.cs using Guid(3b87f472a8687453eac1a8091330b6d5) Importer(2089858483,0ecaa5967403d082aa24f35e1b516d23) Generated GUIDs only implemented for interfaces!
 -> (artifact id: '4e53a56462459f841a7e19402d3174c4') in 0.009601 seconds 
========================================================================
Received Import Request.
  Time since last request: 0.000038 seconds.
  path: Assets/serkan/EffectExamples/Shared/Sprites/Info.png
  artifactKey: Guid(2969d90b86698124696637a6df64a112) Importer(2089858483,0ecaa5967403d082aa24f35e1b516d23)
Start importing Assets/serkan/EffectExamples/Shared/Sprites/Info.png using Guid(2969d90b86698124696637a6df64a112) Importer(2089858483,0ecaa5967403d082aa24f35e1b516d23) Generated GUIDs only implemented for interfaces!
 -> (artifact id: 'f793209cf60ccb0e79cf8fe63a02dba5') in 0.017985 seconds 
========================================================================
Received Import Request.
  Time since last request: 0.000025 seconds.
  path: Assets/serkan/EffectExamples/Shared/PhysicsMaterials/Wood.physicMaterial
  artifactKey: Guid(0151b31279cbbe64db23577e9163731a) Importer(2089858483,0ecaa5967403d082aa24f35e1b516d23)
Start importing Assets/serkan/EffectExamples/Shared/PhysicsMaterials/Wood.physicMaterial using Guid(0151b31279cbbe64db23577e9163731a) Importer(2089858483,0ecaa5967403d082aa24f35e1b516d23) Generated GUIDs only implemented for interfaces!
 -> (artifact id: '98619c99af6f3fe19874bf50d2b528f7') in 0.007935 seconds 
========================================================================
Received Import Request.
  Time since last request: 0.000019 seconds.
  path: Assets/serkan/EffectExamples/Shared/Textures/WoodAlbedo.tif
  artifactKey: Guid(3e8f2684da783fd4284f90bce28de4c5) Importer(2089858483,0ecaa5967403d082aa24f35e1b516d23)
Start importing Assets/serkan/EffectExamples/Shared/Textures/WoodAlbedo.tif using Guid(3e8f2684da783fd4284f90bce28de4c5) Importer(2089858483,0ecaa5967403d082aa24f35e1b516d23) Generated GUIDs only implemented for interfaces!
 -> (artifact id: 'dc1282681e511b8b6b9659da5a58373b') in 0.023087 seconds 
========================================================================
Received Import Request.
  Time since last request: 0.000025 seconds.
  path: Assets/serkan/EffectExamples/Shared/Scripts/AdjustTimeScale.cs
  artifactKey: Guid(57a9bba4c7c6adc40805917ce487896a) Importer(2089858483,0ecaa5967403d082aa24f35e1b516d23)
Start importing Assets/serkan/EffectExamples/Shared/Scripts/AdjustTimeScale.cs using Guid(57a9bba4c7c6adc40805917ce487896a) Importer(2089858483,0ecaa5967403d082aa24f35e1b516d23) Generated GUIDs only implemented for interfaces!
 -> (artifact id: '26ca96c62f58dc91125f5e0d2252032b') in 0.007898 seconds 
========================================================================
Received Import Request.
  Time since last request: 0.000023 seconds.
  path: Assets/serkan/EffectExamples/Shared/Textures/WoodNormals.tif
  artifactKey: Guid(d6a42d710971e07418e30f9a047b65b6) Importer(2089858483,0ecaa5967403d082aa24f35e1b516d23)
Start importing Assets/serkan/EffectExamples/Shared/Textures/WoodNormals.tif using Guid(d6a42d710971e07418e30f9a047b65b6) Importer(2089858483,0ecaa5967403d082aa24f35e1b516d23) Generated GUIDs only implemented for interfaces!
 -> (artifact id: '6dce6f3e050cdd77704b0385a6c8394f') in 0.023444 seconds 
========================================================================
Received Import Request.
  Time since last request: 0.000026 seconds.
  path: Assets/serkan/EffectExamples/Shared/Textures/DustPuffSmallParticleSheet.png
  artifactKey: Guid(1c1f5fdffb8c5a944a978e8debb8fdfe) Importer(2089858483,0ecaa5967403d082aa24f35e1b516d23)
Start importing Assets/serkan/EffectExamples/Shared/Textures/DustPuffSmallParticleSheet.png using Guid(1c1f5fdffb8c5a944a978e8debb8fdfe) Importer(2089858483,0ecaa5967403d082aa24f35e1b516d23) Generated GUIDs only implemented for interfaces!
 -> (artifact id: 'a956075c0e413386912493129f0d1795') in 0.023045 seconds 
========================================================================
Received Import Request.
  Time since last request: 0.000024 seconds.
  path: Assets/serkan/EffectExamples/Shared/Fonts/Roboto-Thin.ttf
  artifactKey: Guid(cd25d80d03a864fdd90534b28f15208a) Importer(2089858483,0ecaa5967403d082aa24f35e1b516d23)
Start importing Assets/serkan/EffectExamples/Shared/Fonts/Roboto-Thin.ttf using Guid(cd25d80d03a864fdd90534b28f15208a) Importer(2089858483,0ecaa5967403d082aa24f35e1b516d23) Generated GUIDs only implemented for interfaces!
 -> (artifact id: '02e538bc0a5138f4e95afa762412d72d') in 0.024089 seconds 
========================================================================
Received Import Request.
  Time since last request: 0.000020 seconds.
  path: Assets/serkan/EffectExamples/Shared/Textures/fleshNormals.tif
  artifactKey: Guid(82b123d008de09948adc8d1433889121) Importer(2089858483,0ecaa5967403d082aa24f35e1b516d23)
Start importing Assets/serkan/EffectExamples/Shared/Textures/fleshNormals.tif using Guid(82b123d008de09948adc8d1433889121) Importer(2089858483,0ecaa5967403d082aa24f35e1b516d23) Generated GUIDs only implemented for interfaces!
 -> (artifact id: '17553d5ca72442d8f967f987132f5a30') in 0.015082 seconds 
========================================================================
Received Import Request.
  Time since last request: 0.000020 seconds.
  path: Assets/serkan/EffectExamples/Misc Effects/Materials/SandSwirls.mat
  artifactKey: Guid(a5fb11f82fc7a8b44b8b4f6853917cf4) Importer(2089858483,0ecaa5967403d082aa24f35e1b516d23)
Start importing Assets/serkan/EffectExamples/Misc Effects/Materials/SandSwirls.mat using Guid(a5fb11f82fc7a8b44b8b4f6853917cf4) Importer(2089858483,0ecaa5967403d082aa24f35e1b516d23) Generated GUIDs only implemented for interfaces!
 -> (artifact id: 'cedd2c34a11f22526ef1c57e8ce97abd') in 0.015035 seconds 
========================================================================
Received Import Request.
  Time since last request: 0.000023 seconds.
  path: Assets/serkan/Sesler/Sarjordoldurma.wav
  artifactKey: Guid(4fbcd6c9aaf1f2e4db83ac4757ad5012) Importer(2089858483,0ecaa5967403d082aa24f35e1b516d23)
Start importing Assets/serkan/Sesler/Sarjordoldurma.wav using Guid(4fbcd6c9aaf1f2e4db83ac4757ad5012) Importer(2089858483,0ecaa5967403d082aa24f35e1b516d23) Generated GUIDs only implemented for interfaces!
 -> (artifact id: 'b0097ac95dcc7e6a88cf014a640ebfe8') in 0.067004 seconds 
========================================================================
Received Import Request.
  Time since last request: 0.000048 seconds.
  path: Assets/serkan/EffectExamples/SilahEfektleri/Textures/FleshBulletHoleAlbedo.tif
  artifactKey: Guid(5ef8c65d978f7f74e8a6cb763425f6db) Importer(2089858483,0ecaa5967403d082aa24f35e1b516d23)
Start importing Assets/serkan/EffectExamples/SilahEfektleri/Textures/FleshBulletHoleAlbedo.tif using Guid(5ef8c65d978f7f74e8a6cb763425f6db) Importer(2089858483,0ecaa5967403d082aa24f35e1b516d23) Generated GUIDs only implemented for interfaces!
 -> (artifact id: 'c49ce85517b0fe8028088882e3cb506d') in 0.015520 seconds 
========================================================================
Received Import Request.
  Time since last request: 0.000023 seconds.
  path: Assets/serkan/EffectExamples/SilahEfektleri/Textures/WaterDropsParticle.tif
  artifactKey: Guid(2ed1fb2461447634dab88e4180196c3e) Importer(2089858483,0ecaa5967403d082aa24f35e1b516d23)
Start importing Assets/serkan/EffectExamples/SilahEfektleri/Textures/WaterDropsParticle.tif using Guid(2ed1fb2461447634dab88e4180196c3e) Importer(2089858483,0ecaa5967403d082aa24f35e1b516d23) Generated GUIDs only implemented for interfaces!
 -> (artifact id: '8d6909efc13a0b75c57c9e4523815364') in 0.020295 seconds 
========================================================================
Received Import Request.
  Time since last request: 0.000020 seconds.
  path: Assets/serkan/EffectExamples/SilahEfektleri/Materials/ShallCasing.mat
  artifactKey: Guid(713f8d12f5dbfb640b7a4874212c2c08) Importer(2089858483,0ecaa5967403d082aa24f35e1b516d23)
Start importing Assets/serkan/EffectExamples/SilahEfektleri/Materials/ShallCasing.mat using Guid(713f8d12f5dbfb640b7a4874212c2c08) Importer(2089858483,0ecaa5967403d082aa24f35e1b516d23) Generated GUIDs only implemented for interfaces!
 -> (artifact id: '9249995c58b54de3baa39d132573a0c9') in 0.024623 seconds 
========================================================================
Received Import Request.
  Time since last request: 0.000026 seconds.
  path: Assets/serkan/EffectExamples/SilahEfektleri/Prefabs/SilahAtesMuzzleEfekt.prefab
  artifactKey: Guid(9defeac88977c0d448aa4541073ee9e4) Importer(2089858483,0ecaa5967403d082aa24f35e1b516d23)
Start importing Assets/serkan/EffectExamples/SilahEfektleri/Prefabs/SilahAtesMuzzleEfekt.prefab using Guid(9defeac88977c0d448aa4541073ee9e4) Importer(2089858483,0ecaa5967403d082aa24f35e1b516d23) Generated GUIDs only implemented for interfaces!
 -> (artifact id: 'b80d96dfc14952a0a84a38fdfd09ab6b') in 0.061120 seconds 
========================================================================
Received Import Request.
  Time since last request: 0.000023 seconds.
  path: Assets/serkan/EffectExamples/SilahEfektleri/Textures/WoodBulletHoleAlbedo.tif
  artifactKey: Guid(4c5f9569d875837419e6fb548cd8ad42) Importer(2089858483,0ecaa5967403d082aa24f35e1b516d23)
Start importing Assets/serkan/EffectExamples/SilahEfektleri/Textures/WoodBulletHoleAlbedo.tif using Guid(4c5f9569d875837419e6fb548cd8ad42) Importer(2089858483,0ecaa5967403d082aa24f35e1b516d23) Generated GUIDs only implemented for interfaces!
 -> (artifact id: 'c2444884835b7824203e2da8624b2992') in 0.015683 seconds 
========================================================================
Received Import Request.
  Time since last request: 0.000027 seconds.
  path: Assets/serkan/EffectExamples/SilahEfektleri/Textures/StreamNormals.tif
  artifactKey: Guid(dbf5fd5c04eedf2418e86c377cf5b95b) Importer(2089858483,0ecaa5967403d082aa24f35e1b516d23)
Start importing Assets/serkan/EffectExamples/SilahEfektleri/Textures/StreamNormals.tif using Guid(dbf5fd5c04eedf2418e86c377cf5b95b) Importer(2089858483,0ecaa5967403d082aa24f35e1b516d23) Generated GUIDs only implemented for interfaces!
 -> (artifact id: '0bdbf8227ad816ed50e3ea4ff5c33f45') in 0.023995 seconds 
========================================================================
Received Import Request.
  Time since last request: 0.000029 seconds.
  path: Assets/serkan/EffectExamples/SilahEfektleri/Textures/FleshBulletHoleNormals.tif
  artifactKey: Guid(372fe723afe65ed41a5b38da5faf82a1) Importer(2089858483,0ecaa5967403d082aa24f35e1b516d23)
Start importing Assets/serkan/EffectExamples/SilahEfektleri/Textures/FleshBulletHoleNormals.tif using Guid(372fe723afe65ed41a5b38da5faf82a1) Importer(2089858483,0ecaa5967403d082aa24f35e1b516d23) Generated GUIDs only implemented for interfaces!
 -> (artifact id: '050dfc15476ef0828f2d16d75ccc1f99') in 0.017835 seconds 
========================================================================
Received Import Request.
  Time since last request: 0.000028 seconds.
  path: Assets/serkan/EffectExamples/SilahEfektleri/Materials/WaterStreamParticle.mat
  artifactKey: Guid(8ea6ed53aae46fe4e83d154e73aed27e) Importer(2089858483,0ecaa5967403d082aa24f35e1b516d23)
Start importing Assets/serkan/EffectExamples/SilahEfektleri/Materials/WaterStreamParticle.mat using Guid(8ea6ed53aae46fe4e83d154e73aed27e) Importer(2089858483,0ecaa5967403d082aa24f35e1b516d23) Generated GUIDs only implemented for interfaces!
 -> (artifact id: 'da08ca52bef7f133c0518e2893b96598') in 0.042413 seconds 
========================================================================
Received Import Request.
  Time since last request: 0.000027 seconds.
  path: Assets/serkan/EffectExamples/SilahEfektleri/Textures/BulletHoleRockNormal.tif
  artifactKey: Guid(d398c5c9aba03f44ca5f007fdb13929a) Importer(2089858483,0ecaa5967403d082aa24f35e1b516d23)
Start importing Assets/serkan/EffectExamples/SilahEfektleri/Textures/BulletHoleRockNormal.tif using Guid(d398c5c9aba03f44ca5f007fdb13929a) Importer(2089858483,0ecaa5967403d082aa24f35e1b516d23) Generated GUIDs only implemented for interfaces!
 -> (artifact id: '80f28effd8644451bd6a28e5dfa55674') in 0.022770 seconds 
========================================================================
Received Import Request.
  Time since last request: 0.000028 seconds.
  path: Assets/serkan/EffectExamples/SilahEfektleri/Textures/WaterSplashParticle.mat
  artifactKey: Guid(b96fa6813686d9d4f844ead1ff3f9f64) Importer(2089858483,0ecaa5967403d082aa24f35e1b516d23)
Start importing Assets/serkan/EffectExamples/SilahEfektleri/Textures/WaterSplashParticle.mat using Guid(b96fa6813686d9d4f844ead1ff3f9f64) Importer(2089858483,0ecaa5967403d082aa24f35e1b516d23) Generated GUIDs only implemented for interfaces!
 -> (artifact id: '530868ef67cec6e56adee3aa0c91d98d') in 0.014165 seconds 
========================================================================
Received Import Request.
  Time since last request: 0.000024 seconds.
  path: Assets/serkan/EffectExamples/SilahEfektleri/Textures/BulletHoleMetalThroughNormal.tif
  artifactKey: Guid(e7217fe02a768c144b7f2554c7cf2660) Importer(2089858483,0ecaa5967403d082aa24f35e1b516d23)
Start importing Assets/serkan/EffectExamples/SilahEfektleri/Textures/BulletHoleMetalThroughNormal.tif using Guid(e7217fe02a768c144b7f2554c7cf2660) Importer(2089858483,0ecaa5967403d082aa24f35e1b516d23) Generated GUIDs only implemented for interfaces!
 -> (artifact id: '3a0b7ceb3b0c4191ea2ae4ae906529d3') in 0.021435 seconds 
========================================================================
Received Import Request.
  Time since last request: 0.000021 seconds.
  path: Assets/serkan/EffectExamples/SilahEfektleri/Textures/woodSplintersNormal.tif
  artifactKey: Guid(857dd1085eb883e4695c72601612eb19) Importer(2089858483,0ecaa5967403d082aa24f35e1b516d23)
Start importing Assets/serkan/EffectExamples/SilahEfektleri/Textures/woodSplintersNormal.tif using Guid(857dd1085eb883e4695c72601612eb19) Importer(2089858483,0ecaa5967403d082aa24f35e1b516d23) Generated GUIDs only implemented for interfaces!
 -> (artifact id: '9bb33721d6b87fda5c26f048d485b090') in 0.044140 seconds 
========================================================================
Received Import Request.
  Time since last request: 0.000021 seconds.
  path: Assets/serkan/EffectExamples/SilahEfektleri/Materials/GoopSplat2.mat
  artifactKey: Guid(58c424f9db33303489e63fb362415d94) Importer(2089858483,0ecaa5967403d082aa24f35e1b516d23)
Start importing Assets/serkan/EffectExamples/SilahEfektleri/Materials/GoopSplat2.mat using Guid(58c424f9db33303489e63fb362415d94) Importer(2089858483,0ecaa5967403d082aa24f35e1b516d23) Generated GUIDs only implemented for interfaces!
 -> (artifact id: '9b59c86ecaae662ce808b06f67126777') in 0.045575 seconds 
========================================================================
Received Import Request.
  Time since last request: 0.000021 seconds.
  path: Assets/serkan/EffectExamples/SilahEfektleri/Materials/DustPuffParticle.mat
  artifactKey: Guid(1402721190994cd46b64bf7cba78f5d8) Importer(2089858483,0ecaa5967403d082aa24f35e1b516d23)
Start importing Assets/serkan/EffectExamples/SilahEfektleri/Materials/DustPuffParticle.mat using Guid(1402721190994cd46b64bf7cba78f5d8) Importer(2089858483,0ecaa5967403d082aa24f35e1b516d23) Generated GUIDs only implemented for interfaces!
 -> (artifact id: '5f49a79fb0bdfa447212752b69181abd') in 0.014421 seconds 
========================================================================
Received Import Request.
  Time since last request: 0.000032 seconds.
  path: Assets/serkan/EffectExamples/SilahEfektleri/Textures/WoodAlbedo.tif
  artifactKey: Guid(5515d95a5f1861546b209bde94730925) Importer(2089858483,0ecaa5967403d082aa24f35e1b516d23)
Start importing Assets/serkan/EffectExamples/SilahEfektleri/Textures/WoodAlbedo.tif using Guid(5515d95a5f1861546b209bde94730925) Importer(2089858483,0ecaa5967403d082aa24f35e1b516d23) Generated GUIDs only implemented for interfaces!
 -> (artifact id: 'bc7069fa4d2898de08328988e9b359d6') in 0.019295 seconds 
========================================================================
Received Import Request.
  Time since last request: 0.000025 seconds.
  path: Assets/serkan/EffectExamples/SilahEfektleri/Textures/BulletHoleRockNormals.tif
  artifactKey: Guid(b7b496609dfcf7d4089ca1e508b14f22) Importer(2089858483,0ecaa5967403d082aa24f35e1b516d23)
Start importing Assets/serkan/EffectExamples/SilahEfektleri/Textures/BulletHoleRockNormals.tif using Guid(b7b496609dfcf7d4089ca1e508b14f22) Importer(2089858483,0ecaa5967403d082aa24f35e1b516d23) Generated GUIDs only implemented for interfaces!
 -> (artifact id: 'b103b53bf264e814a78340d5b013c4c2') in 0.014834 seconds 
========================================================================
Received Import Request.
  Time since last request: 0.000049 seconds.
  path: Assets/serkan/EffectExamples/Smoke _ Steam Effects/Materials/RockDebris.mat
  artifactKey: Guid(fbdb05c770da2c44fa1993ee693bd6cf) Importer(2089858483,0ecaa5967403d082aa24f35e1b516d23)
Start importing Assets/serkan/EffectExamples/Smoke _ Steam Effects/Materials/RockDebris.mat using Guid(fbdb05c770da2c44fa1993ee693bd6cf) Importer(2089858483,0ecaa5967403d082aa24f35e1b516d23) Generated GUIDs only implemented for interfaces!
 -> (artifact id: 'eb3e421d8c1b3e981c686377a70f664f') in 0.042323 seconds 
========================================================================
Received Import Request.
  Time since last request: 0.000021 seconds.
  path: Assets/serkan/EffectExamples/Smoke _ Steam Effects/Prefabs/RocketTrail.prefab
  artifactKey: Guid(ef134ce1a2a98d94fb68c860d9c736c6) Importer(2089858483,0ecaa5967403d082aa24f35e1b516d23)
Start importing Assets/serkan/EffectExamples/Smoke _ Steam Effects/Prefabs/RocketTrail.prefab using Guid(ef134ce1a2a98d94fb68c860d9c736c6) Importer(2089858483,0ecaa5967403d082aa24f35e1b516d23) Generated GUIDs only implemented for interfaces!
 -> (artifact id: 'bd2a103a4f320b48c73d8d986c318d11') in 0.057171 seconds 
========================================================================
Received Import Request.
  Time since last request: 0.000020 seconds.
  path: Assets/serkan/görev1/silahlar/balta_model/balta_model.fbx
  artifactKey: Guid(618341c7525729840a995d66ca6cc3b9) Importer(2089858483,0ecaa5967403d082aa24f35e1b516d23)
Start importing Assets/serkan/görev1/silahlar/balta_model/balta_model.fbx using Guid(618341c7525729840a995d66ca6cc3b9) Importer(2089858483,0ecaa5967403d082aa24f35e1b516d23) Generated GUIDs only implemented for interfaces!
 -> (artifact id: '68f05ad34efc9d26f35cdae945edb68c') in 0.053179 seconds 
========================================================================
Received Import Request.
  Time since last request: 0.000021 seconds.
  path: Assets/serkan/Standard Assets/CrossPlatformInput/Prefabs/MobileAircraftControls.prefab
  artifactKey: Guid(3369231b1ed7ad34e84d9240a571db81) Importer(2089858483,0ecaa5967403d082aa24f35e1b516d23)
Start importing Assets/serkan/Standard Assets/CrossPlatformInput/Prefabs/MobileAircraftControls.prefab using Guid(3369231b1ed7ad34e84d9240a571db81) Importer(2089858483,0ecaa5967403d082aa24f35e1b516d23) Generated GUIDs only implemented for interfaces!
 -> (artifact id: '9026b97f6b9b6e9da9b25e5b27482fd4') in 0.059711 seconds 
========================================================================
Received Import Request.
  Time since last request: 0.000024 seconds.
  path: Assets/serkan/EffectExamples/TutorialInfo/Icons/Help_Icon.png
  artifactKey: Guid(a186f8a87ca4f4d3aa864638ad5dfb65) Importer(2089858483,0ecaa5967403d082aa24f35e1b516d23)
Start importing Assets/serkan/EffectExamples/TutorialInfo/Icons/Help_Icon.png using Guid(a186f8a87ca4f4d3aa864638ad5dfb65) Importer(2089858483,0ecaa5967403d082aa24f35e1b516d23) Generated GUIDs only implemented for interfaces!
 -> (artifact id: 'dd2cf5d0414a0437d93857568b89f819') in 0.019307 seconds 
========================================================================
Received Import Request.
  Time since last request: 0.000032 seconds.
  path: Assets/serkan/EffectExamples/Smoke _ Steam Effects/Materials/SmokeySteam01.mat
  artifactKey: Guid(df0a9d4a1d2f26c4eb697a71ac5b82d6) Importer(2089858483,0ecaa5967403d082aa24f35e1b516d23)
Start importing Assets/serkan/EffectExamples/Smoke _ Steam Effects/Materials/SmokeySteam01.mat using Guid(df0a9d4a1d2f26c4eb697a71ac5b82d6) Importer(2089858483,0ecaa5967403d082aa24f35e1b516d23) Generated GUIDs only implemented for interfaces!
 -> (artifact id: 'd7c7e68204202d8da5907381981b617d') in 0.055077 seconds 
========================================================================
Received Import Request.
  Time since last request: 0.000029 seconds.
  path: Assets/serkan/EffectExamples/Smoke _ Steam Effects/Textures/Flame01.tif
  artifactKey: Guid(e2580e97efd2aa34580ef00fbec9a2d4) Importer(2089858483,0ecaa5967403d082aa24f35e1b516d23)
Start importing Assets/serkan/EffectExamples/Smoke _ Steam Effects/Textures/Flame01.tif using Guid(e2580e97efd2aa34580ef00fbec9a2d4) Importer(2089858483,0ecaa5967403d082aa24f35e1b516d23) Generated GUIDs only implemented for interfaces!
 -> (artifact id: '8801fc64816031fd22361fb4aecb12ae') in 0.025126 seconds 
========================================================================
Received Import Request.
  Time since last request: 0.000023 seconds.
  path: Assets/serkan/Standard Assets/CrossPlatformInput/Scripts/ButtonHandler.cs
  artifactKey: Guid(85bf3be603548374ca46f521a3aa7fda) Importer(2089858483,0ecaa5967403d082aa24f35e1b516d23)
Start importing Assets/serkan/Standard Assets/CrossPlatformInput/Scripts/ButtonHandler.cs using Guid(85bf3be603548374ca46f521a3aa7fda) Importer(2089858483,0ecaa5967403d082aa24f35e1b516d23) Generated GUIDs only implemented for interfaces!
 -> (artifact id: '0c94e5f8deeadb28094641aa3f20d457') in 0.008701 seconds 
========================================================================
Received Import Request.
  Time since last request: 0.000023 seconds.
  path: Assets/serkan/EffectExamples/Smoke _ Steam Effects/Materials/Twinkle.mat
  artifactKey: Guid(8765829b4c1b820409385ae53384fb25) Importer(2089858483,0ecaa5967403d082aa24f35e1b516d23)
Start importing Assets/serkan/EffectExamples/Smoke _ Steam Effects/Materials/Twinkle.mat using Guid(8765829b4c1b820409385ae53384fb25) Importer(2089858483,0ecaa5967403d082aa24f35e1b516d23) Generated GUIDs only implemented for interfaces!
 -> (artifact id: 'f056759833468ec146bd354deb1a0378') in 0.014715 seconds 
========================================================================
Received Import Request.
  Time since last request: 0.000043 seconds.
  path: Assets/serkan/EffectExamples/Water Effects/Materials/WaterRipple.mat
  artifactKey: Guid(0f53c9d8ad82e7e42acd9cd32b6a1da1) Importer(2089858483,0ecaa5967403d082aa24f35e1b516d23)
Start importing Assets/serkan/EffectExamples/Water Effects/Materials/WaterRipple.mat using Guid(0f53c9d8ad82e7e42acd9cd32b6a1da1) Importer(2089858483,0ecaa5967403d082aa24f35e1b516d23) Generated GUIDs only implemented for interfaces!
 -> (artifact id: '6de26fd2a1e9d60c492678ff82d95868') in 0.018928 seconds 
========================================================================
Received Import Request.
  Time since last request: 0.000029 seconds.
  path: Assets/serkan/EffectExamples/Water Effects/Textures/Splash04Albedo.tif
  artifactKey: Guid(0153ce75dcbf4624d93f11ff5b9882bd) Importer(2089858483,0ecaa5967403d082aa24f35e1b516d23)
Start importing Assets/serkan/EffectExamples/Water Effects/Textures/Splash04Albedo.tif using Guid(0153ce75dcbf4624d93f11ff5b9882bd) Importer(2089858483,0ecaa5967403d082aa24f35e1b516d23) Generated GUIDs only implemented for interfaces!
 -> (artifact id: 'dfef9128b280ccdedcbd05c7787fdc4b') in 0.017162 seconds 
========================================================================
Received Import Request.
  Time since last request: 0.000028 seconds.
  path: Assets/serkan/Standard Assets/CrossPlatformInput/Scripts/CrossPlatformInputManager.cs
  artifactKey: Guid(6ac1ce5a5adfd9f46adbf5b6f752a47c) Importer(2089858483,0ecaa5967403d082aa24f35e1b516d23)
Start importing Assets/serkan/Standard Assets/CrossPlatformInput/Scripts/CrossPlatformInputManager.cs using Guid(6ac1ce5a5adfd9f46adbf5b6f752a47c) Importer(2089858483,0ecaa5967403d082aa24f35e1b516d23) Generated GUIDs only implemented for interfaces!
 -> (artifact id: 'f1540e256417fbe4235555f00ab90938') in 0.009408 seconds 
========================================================================
Received Import Request.
  Time since last request: 0.000024 seconds.
  path: Assets/serkan/EffectExamples/Smoke _ Steam Effects/Materials/Flame01.mat
  artifactKey: Guid(e43d70c08c6bf7e4aa274e46393928b3) Importer(2089858483,0ecaa5967403d082aa24f35e1b516d23)
Start importing Assets/serkan/EffectExamples/Smoke _ Steam Effects/Materials/Flame01.mat using Guid(e43d70c08c6bf7e4aa274e46393928b3) Importer(2089858483,0ecaa5967403d082aa24f35e1b516d23) Generated GUIDs only implemented for interfaces!
 -> (artifact id: '315606897330e371a65acd85f50fe1b7') in 0.016421 seconds 
========================================================================
Received Import Request.
  Time since last request: 0.000029 seconds.
  path: Assets/serkan/EffectExamples/Water Effects/Textures/Splash01Normal.tif
  artifactKey: Guid(f166adb87ec51544e8173ca8a1b784c1) Importer(2089858483,0ecaa5967403d082aa24f35e1b516d23)
Start importing Assets/serkan/EffectExamples/Water Effects/Textures/Splash01Normal.tif using Guid(f166adb87ec51544e8173ca8a1b784c1) Importer(2089858483,0ecaa5967403d082aa24f35e1b516d23) Generated GUIDs only implemented for interfaces!
 -> (artifact id: '98fde1e230cf63eaece936524ff03963') in 0.027050 seconds 
========================================================================
Received Import Request.
  Time since last request: 0.000028 seconds.
  path: Assets/serkan/EffectExamples/Smoke _ Steam Effects/Materials/GroundFog.mat
  artifactKey: Guid(f96090edaea7c564c80586f4385918fd) Importer(2089858483,0ecaa5967403d082aa24f35e1b516d23)
Start importing Assets/serkan/EffectExamples/Smoke _ Steam Effects/Materials/GroundFog.mat using Guid(f96090edaea7c564c80586f4385918fd) Importer(2089858483,0ecaa5967403d082aa24f35e1b516d23) Generated GUIDs only implemented for interfaces!
 -> (artifact id: 'e2038220ee712425faaa85352b45ae12') in 0.018310 seconds 
========================================================================
Received Import Request.
  Time since last request: 0.000029 seconds.
  path: Assets/serkan/Standard Assets/ParticleSystems/Materials/ParticleGlow.mat
  artifactKey: Guid(c10b1630d5621ec48a17223c3c102023) Importer(2089858483,0ecaa5967403d082aa24f35e1b516d23)
Start importing Assets/serkan/Standard Assets/ParticleSystems/Materials/ParticleGlow.mat using Guid(c10b1630d5621ec48a17223c3c102023) Importer(2089858483,0ecaa5967403d082aa24f35e1b516d23) Generated GUIDs only implemented for interfaces!
 -> (artifact id: '4693f9734617dbcd1f86cb4f7a8f5f59') in 0.015801 seconds 
========================================================================
Received Import Request.
  Time since last request: 0.000022 seconds.
  path: Assets/serkan/Standard Assets/ParticleSystems/Scripts/ExplosionFireAndDebris.cs
  artifactKey: Guid(009fbf49e77db344db366a646868e02d) Importer(2089858483,0ecaa5967403d082aa24f35e1b516d23)
Start importing Assets/serkan/Standard Assets/ParticleSystems/Scripts/ExplosionFireAndDebris.cs using Guid(009fbf49e77db344db366a646868e02d) Importer(2089858483,0ecaa5967403d082aa24f35e1b516d23) Generated GUIDs only implemented for interfaces!
 -> (artifact id: '0d378abbf097b4a32d09af7595844eb6') in 0.010918 seconds 
========================================================================
Received Import Request.
  Time since last request: 0.000026 seconds.
  path: Assets/serkan/Standard Assets/ParticleSystems/Materials/ParticleFlameLicks.mat
  artifactKey: Guid(30289309b0c21224ea5b6fcc73b07d59) Importer(2089858483,0ecaa5967403d082aa24f35e1b516d23)
Start importing Assets/serkan/Standard Assets/ParticleSystems/Materials/ParticleFlameLicks.mat using Guid(30289309b0c21224ea5b6fcc73b07d59) Importer(2089858483,0ecaa5967403d082aa24f35e1b516d23) Generated GUIDs only implemented for interfaces!
 -> (artifact id: 'ea70218d0eeb485406d42acbdd286630') in 0.021165 seconds 
========================================================================
Received Import Request.
  Time since last request: 0.000021 seconds.
  path: Assets/serkan/Standard Assets/ParticleSystems/Textures/ParticleCloudBlack.png
  artifactKey: Guid(830884c18cf5e7a4895ee02c2dcd8e12) Importer(2089858483,0ecaa5967403d082aa24f35e1b516d23)
Start importing Assets/serkan/Standard Assets/ParticleSystems/Textures/ParticleCloudBlack.png using Guid(830884c18cf5e7a4895ee02c2dcd8e12) Importer(2089858483,0ecaa5967403d082aa24f35e1b516d23) Generated GUIDs only implemented for interfaces!
 -> (artifact id: 'c1159c15f446ff712e95f54dbd0d3fbe') in 0.020189 seconds 
========================================================================
Received Import Request.
  Time since last request: 0.000024 seconds.
  path: Assets/serkan/Standard Assets/CrossPlatformInput/Scripts/TiltInput.cs
  artifactKey: Guid(5c2d84226fbbaf94e9c1451f1c39b06a) Importer(2089858483,0ecaa5967403d082aa24f35e1b516d23)
Start importing Assets/serkan/Standard Assets/CrossPlatformInput/Scripts/TiltInput.cs using Guid(5c2d84226fbbaf94e9c1451f1c39b06a) Importer(2089858483,0ecaa5967403d082aa24f35e1b516d23) Generated GUIDs only implemented for interfaces!
 -> (artifact id: 'caefd405b8348c89ea85b4cad60bbcee') in 0.008052 seconds 
========================================================================
Received Import Request.
  Time since last request: 0.000020 seconds.
  path: Assets/serkan/Standard Assets/CrossPlatformInput/Sprites/ButtonResetSprite.png
  artifactKey: Guid(a94c9a7eb94ceec4a8d67a1890e22e51) Importer(2089858483,0ecaa5967403d082aa24f35e1b516d23)
Start importing Assets/serkan/Standard Assets/CrossPlatformInput/Sprites/ButtonResetSprite.png using Guid(a94c9a7eb94ceec4a8d67a1890e22e51) Importer(2089858483,0ecaa5967403d082aa24f35e1b516d23) Generated GUIDs only implemented for interfaces!
 -> (artifact id: 'f9eef2b624e8af0fb1cc5bbbcaf29343') in 0.020584 seconds 
========================================================================
Received Import Request.
  Time since last request: 0.000019 seconds.
  path: Assets/serkan/Standard Assets/ParticleSystems/Materials/ParticleSplashes.mat
  artifactKey: Guid(ff6663d927968dc4482d24a8495316de) Importer(2089858483,0ecaa5967403d082aa24f35e1b516d23)
Start importing Assets/serkan/Standard Assets/ParticleSystems/Materials/ParticleSplashes.mat using Guid(ff6663d927968dc4482d24a8495316de) Importer(2089858483,0ecaa5967403d082aa24f35e1b516d23) Generated GUIDs only implemented for interfaces!
 -> (artifact id: 'f7eeb0b18a5946be97a90a8587e45037') in 0.017559 seconds 
========================================================================
Received Import Request.
  Time since last request: 0.000016 seconds.
  path: Assets/serkan/Standard Assets/CrossPlatformInput/Sprites/SliderBackgroundSprite.png
  artifactKey: Guid(ea5873cfd9158664f89459f0c9e1d853) Importer(2089858483,0ecaa5967403d082aa24f35e1b516d23)
Start importing Assets/serkan/Standard Assets/CrossPlatformInput/Sprites/SliderBackgroundSprite.png using Guid(ea5873cfd9158664f89459f0c9e1d853) Importer(2089858483,0ecaa5967403d082aa24f35e1b516d23) Generated GUIDs only implemented for interfaces!
 -> (artifact id: '4e66e478fb840357df6f89fe770ff6fd') in 0.018988 seconds 
========================================================================
Received Import Request.
  Time since last request: 0.000022 seconds.
  path: Assets/serkan/Standard Assets/ParticleSystems/Scripts/ExtinguishableParticleSystem.cs
  artifactKey: Guid(13e3e45088e68834999c82ca6f025949) Importer(2089858483,0ecaa5967403d082aa24f35e1b516d23)
Start importing Assets/serkan/Standard Assets/ParticleSystems/Scripts/ExtinguishableParticleSystem.cs using Guid(13e3e45088e68834999c82ca6f025949) Importer(2089858483,0ecaa5967403d082aa24f35e1b516d23) Generated GUIDs only implemented for interfaces!
 -> (artifact id: '45272e977d8660740cf8ed52525e99ea') in 0.006689 seconds 
========================================================================
Received Import Request.
  Time since last request: 0.000022 seconds.
  path: Assets/serkan/Standard Assets/ParticleSystems/Materials/ParticleSpray.mat
  artifactKey: Guid(3062613153ea47f42a262f065fec69d1) Importer(2089858483,0ecaa5967403d082aa24f35e1b516d23)
Start importing Assets/serkan/Standard Assets/ParticleSystems/Materials/ParticleSpray.mat using Guid(3062613153ea47f42a262f065fec69d1) Importer(2089858483,0ecaa5967403d082aa24f35e1b516d23) Generated GUIDs only implemented for interfaces!
 -> (artifact id: 'aa6c8fdd1ba3fc1232cf498b4b0f1b17') in 0.013682 seconds 
========================================================================
Received Import Request.
  Time since last request: 0.000027 seconds.
  path: Assets/serkan/Standard Assets/ParticleSystems/Textures/ParticleFlameLickSheet.png
  artifactKey: Guid(3587b30505d00a44c87d9c3b9d8bc35c) Importer(2089858483,0ecaa5967403d082aa24f35e1b516d23)
Start importing Assets/serkan/Standard Assets/ParticleSystems/Textures/ParticleFlameLickSheet.png using Guid(3587b30505d00a44c87d9c3b9d8bc35c) Importer(2089858483,0ecaa5967403d082aa24f35e1b516d23) Generated GUIDs only implemented for interfaces!
 -> (artifact id: '2e914e726dde0093eda4735372c6f25e') in 0.014792 seconds 
========================================================================
Received Import Request.
  Time since last request: 0.000024 seconds.
  path: Assets/serkan/Standard Assets/CrossPlatformInput/Scripts/MobileControlRig.cs
  artifactKey: Guid(71398ce7fbc3a5b4fa50b50bd54317a7) Importer(2089858483,0ecaa5967403d082aa24f35e1b516d23)
Start importing Assets/serkan/Standard Assets/CrossPlatformInput/Scripts/MobileControlRig.cs using Guid(71398ce7fbc3a5b4fa50b50bd54317a7) Importer(2089858483,0ecaa5967403d082aa24f35e1b516d23) Generated GUIDs only implemented for interfaces!
 -> (artifact id: 'af7e3701bef73e51cb8b97184bde73f0') in 0.008100 seconds 
========================================================================
Received Import Request.
  Time since last request: 0.000020 seconds.
  path: Assets/serkan/EffectExamples/Water Effects/Textures/Splash04Normal.tif
  artifactKey: Guid(73e81e5a6e5b6874582e6c6d405d7491) Importer(2089858483,0ecaa5967403d082aa24f35e1b516d23)
Start importing Assets/serkan/EffectExamples/Water Effects/Textures/Splash04Normal.tif using Guid(73e81e5a6e5b6874582e6c6d405d7491) Importer(2089858483,0ecaa5967403d082aa24f35e1b516d23) Generated GUIDs only implemented for interfaces!
 -> (artifact id: '9aef0325ad4b7213751a9f726598f41e') in 0.016699 seconds 
========================================================================
Received Import Request.
  Time since last request: 0.000019 seconds.
  path: Assets/serkan/Standard Assets/ParticleSystems/Scripts/ParticleSystemMultiplier.cs
  artifactKey: Guid(039587c051912eb4ead9e58344c5f3ce) Importer(2089858483,0ecaa5967403d082aa24f35e1b516d23)
Start importing Assets/serkan/Standard Assets/ParticleSystems/Scripts/ParticleSystemMultiplier.cs using Guid(039587c051912eb4ead9e58344c5f3ce) Importer(2089858483,0ecaa5967403d082aa24f35e1b516d23) Generated GUIDs only implemented for interfaces!
 -> (artifact id: 'bfd35ca0ba4fd0e4c0074b566d71a3d8') in 0.007914 seconds 
========================================================================
Received Import Request.
  Time since last request: 0.000019 seconds.
  path: Assets/serkan/EffectExamples/Water Effects/Materials/Water.mat
  artifactKey: Guid(967578261f8e13142b10ed604e91b64b) Importer(2089858483,0ecaa5967403d082aa24f35e1b516d23)
Start importing Assets/serkan/EffectExamples/Water Effects/Materials/Water.mat using Guid(967578261f8e13142b10ed604e91b64b) Importer(2089858483,0ecaa5967403d082aa24f35e1b516d23) Generated GUIDs only implemented for interfaces!
 -> (artifact id: '200ef2a22801bf9fcc6232a979097f14') in 0.013104 seconds 
========================================================================
Received Import Request.
  Time since last request: 0.000020 seconds.
  path: Assets/serkan/EffectExamples/Water Effects/Materials/WaterFog.mat
  artifactKey: Guid(ccf7149889a0eb64faa9cba40c767ff0) Importer(2089858483,0ecaa5967403d082aa24f35e1b516d23)
Start importing Assets/serkan/EffectExamples/Water Effects/Materials/WaterFog.mat using Guid(ccf7149889a0eb64faa9cba40c767ff0) Importer(2089858483,0ecaa5967403d082aa24f35e1b516d23) Generated GUIDs only implemented for interfaces!
 -> (artifact id: '359702595af44cf3bf954fd1bbaf27d3') in 0.014401 seconds 
========================================================================
Received Import Request.
  Time since last request: 0.000020 seconds.
  path: Assets/serkan/Standard Assets/CrossPlatformInput/Sprites/ButtonAcceleratorOverSprite.png
  artifactKey: Guid(eb5f6e2757c821940b69cf1456f7865a) Importer(2089858483,0ecaa5967403d082aa24f35e1b516d23)
Start importing Assets/serkan/Standard Assets/CrossPlatformInput/Sprites/ButtonAcceleratorOverSprite.png using Guid(eb5f6e2757c821940b69cf1456f7865a) Importer(2089858483,0ecaa5967403d082aa24f35e1b516d23) Generated GUIDs only implemented for interfaces!
 -> (artifact id: 'c152634879bbbf0f6590a751653d9f2b') in 0.018434 seconds 
========================================================================
Received Import Request.
  Time since last request: 0.000033 seconds.
  path: Assets/serkan/Standard Assets/ParticleSystems/Shaders/PriorityParticleAddSoft.shader
  artifactKey: Guid(694eef9939f180440a9d0891272eddba) Importer(2089858483,0ecaa5967403d082aa24f35e1b516d23)
Start importing Assets/serkan/Standard Assets/ParticleSystems/Shaders/PriorityParticleAddSoft.shader using Guid(694eef9939f180440a9d0891272eddba) Importer(2089858483,0ecaa5967403d082aa24f35e1b516d23) Generated GUIDs only implemented for interfaces!
 -> (artifact id: 'd5391a59f257033dc21258865a25cc04') in 0.012013 seconds 
========================================================================
Received Import Request.
  Time since last request: 0.000023 seconds.
  path: Assets/serkan/EffectExamples/Smoke _ Steam Effects/Materials/SandParticle.mat
  artifactKey: Guid(e689f2433ec031e41ae61c69dfb6db02) Importer(2089858483,0ecaa5967403d082aa24f35e1b516d23)
Start importing Assets/serkan/EffectExamples/Smoke _ Steam Effects/Materials/SandParticle.mat using Guid(e689f2433ec031e41ae61c69dfb6db02) Importer(2089858483,0ecaa5967403d082aa24f35e1b516d23) Generated GUIDs only implemented for interfaces!
 -> (artifact id: '5070adf4655b72a04394204c3bbc8d63') in 0.012791 seconds 
========================================================================
Received Import Request.
  Time since last request: 0.000029 seconds.
  path: Assets/serkan/EffectExamples/Misc Effects/Textures/Clouds.tif
  artifactKey: Guid(c701d8bbcea7c2c4abbf9c22ee81138a) Importer(2089858483,0ecaa5967403d082aa24f35e1b516d23)
Start importing Assets/serkan/EffectExamples/Misc Effects/Textures/Clouds.tif using Guid(c701d8bbcea7c2c4abbf9c22ee81138a) Importer(2089858483,0ecaa5967403d082aa24f35e1b516d23) Generated GUIDs only implemented for interfaces!
 -> (artifact id: 'ef9945689e2df5788d75e6420272f5e9') in 0.015863 seconds 
========================================================================
Received Import Request.
  Time since last request: 0.000032 seconds.
  path: Assets/serkan/EffectExamples/Shared/Scripts/ParticleCollision.cs
  artifactKey: Guid(4c111b630ead2a349b4c4cbf7a810085) Importer(2089858483,0ecaa5967403d082aa24f35e1b516d23)
Start importing Assets/serkan/EffectExamples/Shared/Scripts/ParticleCollision.cs using Guid(4c111b630ead2a349b4c4cbf7a810085) Importer(2089858483,0ecaa5967403d082aa24f35e1b516d23) Generated GUIDs only implemented for interfaces!
 -> (artifact id: '0ee1eb25877088ff475f80eb1c0ab7dd') in 0.007539 seconds 
========================================================================
Received Import Request.
  Time since last request: 0.000019 seconds.
  path: Assets/serkan/EffectExamples/Shared/Prefabs/WaterFilled.prefab
  artifactKey: Guid(b3310980331fa134d82770127f640471) Importer(2089858483,0ecaa5967403d082aa24f35e1b516d23)
Start importing Assets/serkan/EffectExamples/Shared/Prefabs/WaterFilled.prefab using Guid(b3310980331fa134d82770127f640471) Importer(2089858483,0ecaa5967403d082aa24f35e1b516d23) Generated GUIDs only implemented for interfaces!
 -> (artifact id: '8c74add7e7877a31df8a72e0296cf372') in 0.011724 seconds 
========================================================================
Received Import Request.
  Time since last request: 0.000028 seconds.
  path: Assets/serkan/EffectExamples/SilahEfektleri/Materials/Projectile.mat
  artifactKey: Guid(a24a209a6bd187d49929d1a6d40a92ec) Importer(2089858483,0ecaa5967403d082aa24f35e1b516d23)
Start importing Assets/serkan/EffectExamples/SilahEfektleri/Materials/Projectile.mat using Guid(a24a209a6bd187d49929d1a6d40a92ec) Importer(2089858483,0ecaa5967403d082aa24f35e1b516d23) Generated GUIDs only implemented for interfaces!
 -> (artifact id: '66b13d8ef158508eddddd598e7c163b2') in 0.011778 seconds 
========================================================================
Received Import Request.
  Time since last request: 0.000029 seconds.
  path: Assets/serkan/EffectExamples/SilahEfektleri/Prefabs/WoodImpacts.prefab
  artifactKey: Guid(3c0b5f221ea995442b9d11dc526de1c0) Importer(2089858483,0ecaa5967403d082aa24f35e1b516d23)
Start importing Assets/serkan/EffectExamples/SilahEfektleri/Prefabs/WoodImpacts.prefab using Guid(3c0b5f221ea995442b9d11dc526de1c0) Importer(2089858483,0ecaa5967403d082aa24f35e1b516d23) Generated GUIDs only implemented for interfaces!
 -> (artifact id: '5ff55e3e37c75d0cb7a3860300577d78') in 0.013876 seconds 
========================================================================
Received Import Request.
  Time since last request: 0.000021 seconds.
  path: Assets/TextMesh Pro/Shaders/TMP_SDF-Surface-Mobile.shader
  artifactKey: Guid(85187c2149c549c5b33f0cdb02836b17) Importer(2089858483,0ecaa5967403d082aa24f35e1b516d23)
Start importing Assets/TextMesh Pro/Shaders/TMP_SDF-Surface-Mobile.shader using Guid(85187c2149c549c5b33f0cdb02836b17) Importer(2089858483,0ecaa5967403d082aa24f35e1b516d23) Generated GUIDs only implemented for interfaces!
 -> (artifact id: 'a2269ab530cf81cdf441be25a3a081aa') in 0.009137 seconds 
========================================================================
Received Import Request.
  Time since last request: 0.000019 seconds.
  path: Assets/serkan/EffectExamples/Misc Effects/Shaders/Dissolve.shader
  artifactKey: Guid(8f448cd4d5dac5047b5f9a86cb739085) Importer(2089858483,0ecaa5967403d082aa24f35e1b516d23)
Start importing Assets/serkan/EffectExamples/Misc Effects/Shaders/Dissolve.shader using Guid(8f448cd4d5dac5047b5f9a86cb739085) Importer(2089858483,0ecaa5967403d082aa24f35e1b516d23) Generated GUIDs only implemented for interfaces!
 -> (artifact id: 'befb7229ca0b4cd2a0b52bcda4549b49') in 0.015233 seconds 
========================================================================
Received Import Request.
  Time since last request: 0.000020 seconds.
  path: Assets/serkan/EffectExamples/Shared/Sprites/UnityLogo.png
  artifactKey: Guid(e9980ad31e8dba04aa8110ba611c69d8) Importer(2089858483,0ecaa5967403d082aa24f35e1b516d23)
Start importing Assets/serkan/EffectExamples/Shared/Sprites/UnityLogo.png using Guid(e9980ad31e8dba04aa8110ba611c69d8) Importer(2089858483,0ecaa5967403d082aa24f35e1b516d23) Generated GUIDs only implemented for interfaces!
 -> (artifact id: 'bffbd18c6c2b00b5e656f5bc0508f349') in 0.021319 seconds 
========================================================================
Received Import Request.
  Time since last request: 1.534267 seconds.
  path: Assets/serkan/Standard Assets/ParticleSystems/Textures/ParticleFlamesSheet.png
  artifactKey: Guid(4e505ad81f5b19c4cb6f445d36463955) Importer(2089858483,0ecaa5967403d082aa24f35e1b516d23)
Start importing Assets/serkan/Standard Assets/ParticleSystems/Textures/ParticleFlamesSheet.png using Guid(4e505ad81f5b19c4cb6f445d36463955) Importer(2089858483,0ecaa5967403d082aa24f35e1b516d23) Generated GUIDs only implemented for interfaces!
 -> (artifact id: 'f57b176c7e00523eda2a494309f32996') in 0.018795 seconds 
========================================================================
Received Import Request.
  Time since last request: 0.000024 seconds.
  path: Assets/serkan/görev1/silahlar/shotgun/shotgun_textures/shotgun_M870_Tactical_Roughness.jpg
  artifactKey: Guid(eec3621c2f5b2dd48a3ea9cacba20b7f) Importer(2089858483,0ecaa5967403d082aa24f35e1b516d23)
Start importing Assets/serkan/görev1/silahlar/shotgun/shotgun_textures/shotgun_M870_Tactical_Roughness.jpg using Guid(eec3621c2f5b2dd48a3ea9cacba20b7f) Importer(2089858483,0ecaa5967403d082aa24f35e1b516d23) Generated GUIDs only implemented for interfaces!
 -> (artifact id: '470fdc75f2bca2d3046302496e1eb547') in 0.025938 seconds 
========================================================================
Received Import Request.
  Time since last request: 0.000034 seconds.
  path: Assets/serkan/EffectExamples/Shared/Animation/Animations/GunFire.anim
  artifactKey: Guid(11b895841d895994da8259f4d1139127) Importer(2089858483,0ecaa5967403d082aa24f35e1b516d23)
Start importing Assets/serkan/EffectExamples/Shared/Animation/Animations/GunFire.anim using Guid(11b895841d895994da8259f4d1139127) Importer(2089858483,0ecaa5967403d082aa24f35e1b516d23) Generated GUIDs only implemented for interfaces!
 -> (artifact id: '6256307392367e54314f3509ef6a2c62') in 0.015896 seconds 
========================================================================
Received Import Request.
  Time since last request: 0.000037 seconds.
  path: Assets/serkan/EffectExamples/Shared/Environment/Materials/ShadowCaster.mat
  artifactKey: Guid(a7fc4133adf16c3409305f2ee9ed4ea8) Importer(2089858483,0ecaa5967403d082aa24f35e1b516d23)
Start importing Assets/serkan/EffectExamples/Shared/Environment/Materials/ShadowCaster.mat using Guid(a7fc4133adf16c3409305f2ee9ed4ea8) Importer(2089858483,0ecaa5967403d082aa24f35e1b516d23) Generated GUIDs only implemented for interfaces!
 -> (artifact id: 'a58665904df966eb655054cb6b7c4cd3') in 0.015799 seconds 
========================================================================
Received Import Request.
  Time since last request: 0.000020 seconds.
  path: Assets/serkan/EffectExamples/Shared/Models/Materials/ShooterFPSWeapon.mat
  artifactKey: Guid(89dbeb4ba5551ae409a3bd5812b741c1) Importer(2089858483,0ecaa5967403d082aa24f35e1b516d23)
Start importing Assets/serkan/EffectExamples/Shared/Models/Materials/ShooterFPSWeapon.mat using Guid(89dbeb4ba5551ae409a3bd5812b741c1) Importer(2089858483,0ecaa5967403d082aa24f35e1b516d23) Generated GUIDs only implemented for interfaces!
 -> (artifact id: 'd34291d0c59ae83de2042137a8eaf388') in 0.014592 seconds 
========================================================================
Received Import Request.
  Time since last request: 0.000021 seconds.
  path: Assets/serkan/EffectExamples/Shared/Environment/Prefabs/CornerWall.prefab
  artifactKey: Guid(21617474d5ac06548b6020406dbe6e6b) Importer(2089858483,0ecaa5967403d082aa24f35e1b516d23)
Start importing Assets/serkan/EffectExamples/Shared/Environment/Prefabs/CornerWall.prefab using Guid(21617474d5ac06548b6020406dbe6e6b) Importer(2089858483,0ecaa5967403d082aa24f35e1b516d23) Generated GUIDs only implemented for interfaces!
 -> (artifact id: 'c5d2581a9b755060b25599044f2a88e1') in 0.023396 seconds 
========================================================================
Received Import Request.
  Time since last request: 0.000025 seconds.
  path: Assets/serkan/EffectExamples/Shared/Environment/Textures/ConcreteFloor_Albedo.tif
  artifactKey: Guid(e24019282eaf5304c98b7b536af17317) Importer(2089858483,0ecaa5967403d082aa24f35e1b516d23)
Start importing Assets/serkan/EffectExamples/Shared/Environment/Textures/ConcreteFloor_Albedo.tif using Guid(e24019282eaf5304c98b7b536af17317) Importer(2089858483,0ecaa5967403d082aa24f35e1b516d23) Generated GUIDs only implemented for interfaces!
 -> (artifact id: '1f0e073fa581177bce1fee236c49fc87') in 0.025376 seconds 
========================================================================
Received Import Request.
  Time since last request: 0.000024 seconds.
  path: Assets/serkan/EffectExamples/Shared/Environment/Textures/MetalTrim_Normal.tif
  artifactKey: Guid(2927ac255e81f184b8459509e4b3dce4) Importer(2089858483,0ecaa5967403d082aa24f35e1b516d23)
Start importing Assets/serkan/EffectExamples/Shared/Environment/Textures/MetalTrim_Normal.tif using Guid(2927ac255e81f184b8459509e4b3dce4) Importer(2089858483,0ecaa5967403d082aa24f35e1b516d23) Generated GUIDs only implemented for interfaces!
 -> (artifact id: '80c9ce72be4941a763bca29d411849db') in 0.018094 seconds 
========================================================================
Received Import Request.
  Time since last request: 0.000025 seconds.
  path: Assets/serkan/EffectExamples/Shared/Environment/Materials/LinesWhite.mat
  artifactKey: Guid(09d2711cb134c78409078c4645fae1cd) Importer(2089858483,0ecaa5967403d082aa24f35e1b516d23)
Start importing Assets/serkan/EffectExamples/Shared/Environment/Materials/LinesWhite.mat using Guid(09d2711cb134c78409078c4645fae1cd) Importer(2089858483,0ecaa5967403d082aa24f35e1b516d23) Generated GUIDs only implemented for interfaces!
 -> (artifact id: 'afe240c9fd9378442ba6c4b47fbd4dce') in 0.024360 seconds 
========================================================================
Received Import Request.
  Time since last request: 0.000024 seconds.
  path: Assets/serkan/görev1/silahlar/tabanca_model/tabanca_textures/gun_9m2_Metallic.jpg
  artifactKey: Guid(67a79406e732a204b92cdf9ed82a2b85) Importer(2089858483,0ecaa5967403d082aa24f35e1b516d23)
Start importing Assets/serkan/görev1/silahlar/tabanca_model/tabanca_textures/gun_9m2_Metallic.jpg using Guid(67a79406e732a204b92cdf9ed82a2b85) Importer(2089858483,0ecaa5967403d082aa24f35e1b516d23) Generated GUIDs only implemented for interfaces!
 -> (artifact id: '6d59c8e557f2e76d605d124a4a357198') in 0.029567 seconds 
========================================================================
Received Import Request.
  Time since last request: 0.000028 seconds.
  path: Assets/serkan/görev1/silahlar/tabanca_model/tabanca_model/tabanca.blend
  artifactKey: Guid(145cc81e254a876409ae6e03cd54f5c6) Importer(2089858483,0ecaa5967403d082aa24f35e1b516d23)
Start importing Assets/serkan/görev1/silahlar/tabanca_model/tabanca_model/tabanca.blend using Guid(145cc81e254a876409ae6e03cd54f5c6) Importer(2089858483,0ecaa5967403d082aa24f35e1b516d23) Generated GUIDs only implemented for interfaces!
 -> (artifact id: '507556b75ab3e5c4a740946d8eb56b13') in 0.032113 seconds 
========================================================================
Received Import Request.
  Time since last request: 0.000025 seconds.
  path: Assets/serkan/EffectExamples/Shared/Environment/Materials/ConcreteFloor.mat
  artifactKey: Guid(21c505286c5bbe045a472bee261889e8) Importer(2089858483,0ecaa5967403d082aa24f35e1b516d23)
Start importing Assets/serkan/EffectExamples/Shared/Environment/Materials/ConcreteFloor.mat using Guid(21c505286c5bbe045a472bee261889e8) Importer(2089858483,0ecaa5967403d082aa24f35e1b516d23) Generated GUIDs only implemented for interfaces!
 -> (artifact id: 'c54564312f38de6907d2eb3f1a1c25d8') in 0.061614 seconds 
========================================================================
Received Import Request.
  Time since last request: 0.000040 seconds.
  path: Assets/serkan/EffectExamples/Shared/Environment/Prefabs/SmallLight.prefab
  artifactKey: Guid(7eb44e6d0f419324b83e33d3678c4f4f) Importer(2089858483,0ecaa5967403d082aa24f35e1b516d23)
Start importing Assets/serkan/EffectExamples/Shared/Environment/Prefabs/SmallLight.prefab using Guid(7eb44e6d0f419324b83e33d3678c4f4f) Importer(2089858483,0ecaa5967403d082aa24f35e1b516d23) Generated GUIDs only implemented for interfaces!
 -> (artifact id: '1d3fba55eaf0e52767d6f56f6b065c47') in 0.014450 seconds 
========================================================================
Received Import Request.
  Time since last request: 0.000023 seconds.
  path: Assets/serkan/EffectExamples/Shared/Environment/Models/FloorShort.fbx
  artifactKey: Guid(10c6e964dc4450b43b3e447521e02e7d) Importer(2089858483,0ecaa5967403d082aa24f35e1b516d23)
Start importing Assets/serkan/EffectExamples/Shared/Environment/Models/FloorShort.fbx using Guid(10c6e964dc4450b43b3e447521e02e7d) Importer(2089858483,0ecaa5967403d082aa24f35e1b516d23) Generated GUIDs only implemented for interfaces!
 -> (artifact id: '62f0b32faeb5c2ea6b1bb78c98d2f870') in 0.023667 seconds 
========================================================================
Received Import Request.
  Time since last request: 0.000023 seconds.
  path: Assets/serkan/EffectExamples/Shared/Environment/Models/FloorLong.fbx
  artifactKey: Guid(446cd81926e0f8f41ba901232882f7eb) Importer(2089858483,0ecaa5967403d082aa24f35e1b516d23)
Start importing Assets/serkan/EffectExamples/Shared/Environment/Models/FloorLong.fbx using Guid(446cd81926e0f8f41ba901232882f7eb) Importer(2089858483,0ecaa5967403d082aa24f35e1b516d23) Generated GUIDs only implemented for interfaces!
 -> (artifact id: '291c1b5c793d86db39ff914b7d8b9a51') in 0.015141 seconds 
========================================================================
Received Import Request.
  Time since last request: 0.000025 seconds.
  path: Assets/serkan/EffectExamples/Shared/Environment/Prefabs/Step.prefab
  artifactKey: Guid(21f4ee7b875c5614bae545ccd6c7652e) Importer(2089858483,0ecaa5967403d082aa24f35e1b516d23)
Start importing Assets/serkan/EffectExamples/Shared/Environment/Prefabs/Step.prefab using Guid(21f4ee7b875c5614bae545ccd6c7652e) Importer(2089858483,0ecaa5967403d082aa24f35e1b516d23) Generated GUIDs only implemented for interfaces!
 -> (artifact id: '6a47fbd5177c736dafce46eed24c6d40') in 0.014348 seconds 
========================================================================
Received Import Request.
  Time since last request: 0.000019 seconds.
  path: Assets/serkan/görev1/silahlar/shotgun/shotgun_textures/shotgun_M870_Tactical_Normal.jpg
  artifactKey: Guid(e7cee09ae9da8d94bbb30af3bf8a4719) Importer(2089858483,0ecaa5967403d082aa24f35e1b516d23)
Start importing Assets/serkan/görev1/silahlar/shotgun/shotgun_textures/shotgun_M870_Tactical_Normal.jpg using Guid(e7cee09ae9da8d94bbb30af3bf8a4719) Importer(2089858483,0ecaa5967403d082aa24f35e1b516d23) Generated GUIDs only implemented for interfaces!
 -> (artifact id: '04294c3bbdbff2eb205c1d361fbe097f') in 0.019256 seconds 
========================================================================
Received Import Request.
  Time since last request: 0.000018 seconds.
  path: Assets/serkan/EffectExamples/Shared/Environment/Models/SideWall.fbx
  artifactKey: Guid(b03a156a678c5aa42b3abd35f650bb53) Importer(2089858483,0ecaa5967403d082aa24f35e1b516d23)
Start importing Assets/serkan/EffectExamples/Shared/Environment/Models/SideWall.fbx using Guid(b03a156a678c5aa42b3abd35f650bb53) Importer(2089858483,0ecaa5967403d082aa24f35e1b516d23) Generated GUIDs only implemented for interfaces!
 -> (artifact id: '89cc897f7f97dd8004ea41eb7bdf1de1') in 0.019584 seconds 
========================================================================
Received Import Request.
  Time since last request: 0.000038 seconds.
  path: Assets/serkan/EffectExamples/Shared/Environment/Textures/MetalTrim_MetallicSmooth.tif
  artifactKey: Guid(d580c3c76245fea46b16f5adc019967a) Importer(2089858483,0ecaa5967403d082aa24f35e1b516d23)
Start importing Assets/serkan/EffectExamples/Shared/Environment/Textures/MetalTrim_MetallicSmooth.tif using Guid(d580c3c76245fea46b16f5adc019967a) Importer(2089858483,0ecaa5967403d082aa24f35e1b516d23) Generated GUIDs only implemented for interfaces!
 -> (artifact id: '58588bed38363830a84a35f143470be1') in 0.022272 seconds 
========================================================================
Received Import Request.
  Time since last request: 0.000021 seconds.
  path: Assets/serkan/EffectExamples/Shared/Animation/Controllers/Gun.controller
  artifactKey: Guid(2be2206e6d3865742a99fd2f946e6378) Importer(2089858483,0ecaa5967403d082aa24f35e1b516d23)
Start importing Assets/serkan/EffectExamples/Shared/Animation/Controllers/Gun.controller using Guid(2be2206e6d3865742a99fd2f946e6378) Importer(2089858483,0ecaa5967403d082aa24f35e1b516d23) Generated GUIDs only implemented for interfaces!
 -> (artifact id: '7ce297dfdf85bb3f4529588144897cac') in 0.016942 seconds 
========================================================================
Received Import Request.
  Time since last request: 0.000018 seconds.
  path: Assets/serkan/EffectExamples/Shared/Animation/Animations/GunIdle.anim
  artifactKey: Guid(1a8355c50c57ad748b5180c061c4f676) Importer(2089858483,0ecaa5967403d082aa24f35e1b516d23)
Start importing Assets/serkan/EffectExamples/Shared/Animation/Animations/GunIdle.anim using Guid(1a8355c50c57ad748b5180c061c4f676) Importer(2089858483,0ecaa5967403d082aa24f35e1b516d23) Generated GUIDs only implemented for interfaces!
 -> (artifact id: '41c04b3c7154358897d8ec04260c75d5') in 0.008236 seconds 
========================================================================
Received Import Request.
  Time since last request: 0.000020 seconds.
  path: Assets/serkan/EffectExamples/Shared/Environment/Materials/Light.mat
  artifactKey: Guid(47fbc90daa91ab541984ebd9f72db2d4) Importer(2089858483,0ecaa5967403d082aa24f35e1b516d23)
Start importing Assets/serkan/EffectExamples/Shared/Environment/Materials/Light.mat using Guid(47fbc90daa91ab541984ebd9f72db2d4) Importer(2089858483,0ecaa5967403d082aa24f35e1b516d23) Generated GUIDs only implemented for interfaces!
 -> (artifact id: 'af7953fed8db410b4f8e4382bb7d02f6') in 0.011997 seconds 
========================================================================
Received Import Request.
  Time since last request: 0.000023 seconds.
  path: Assets/serkan/EffectExamples/Shared/Environment/Prefabs/FloorTiny.prefab
  artifactKey: Guid(8e1da52275f7dd14982d99253940530e) Importer(2089858483,0ecaa5967403d082aa24f35e1b516d23)
Start importing Assets/serkan/EffectExamples/Shared/Environment/Prefabs/FloorTiny.prefab using Guid(8e1da52275f7dd14982d99253940530e) Importer(2089858483,0ecaa5967403d082aa24f35e1b516d23) Generated GUIDs only implemented for interfaces!
 -> (artifact id: '79adaabd05156b9929a79f46d0122450') in 0.016971 seconds 
========================================================================
Received Import Request.
  Time since last request: 0.000041 seconds.
  path: Assets/serkan/Standard Assets/Characters/FirstPersonCharacter/Prefabs/RigidBodyFPSController.prefab
  artifactKey: Guid(c6453f8e1f814744d8b94e5a6d1f9942) Importer(2089858483,0ecaa5967403d082aa24f35e1b516d23)
Start importing Assets/serkan/Standard Assets/Characters/FirstPersonCharacter/Prefabs/RigidBodyFPSController.prefab using Guid(c6453f8e1f814744d8b94e5a6d1f9942) Importer(2089858483,0ecaa5967403d082aa24f35e1b516d23) Generated GUIDs only implemented for interfaces!
 -> (artifact id: 'e95cbab7f0d5b92b36bdf46e14047670') in 0.019424 seconds 
Editor requested this worker to shutdown with reason: Scaling down because of idle timeout
AssetImportWorker is now disconnected from the server
Process exiting
Exiting without the bug reporter. Application will terminate with return code 0